#
# A fatal error has been detected by the Java Runtime Environment:
#
#  SIGSEGV (0xb) at pc=0x000000012598ccdd, pid=14089, tid=0x000000000000b09f
#
# JRE version: Java(TM) SE Runtime Environment (8.0_101-b13) (build 1.8.0_101-b13)
# Java VM: Java HotSpot(TM) 64-Bit Server VM (25.101-b13 mixed mode bsd-amd64 compressed oops)
# Problematic frame:
# C  [libawt_lwawt.dylib+0x1acdd]  OGLSD_SetScratchSurface+0x49
#
# Failed to write core dump. Core dumps have been disabled. To enable core dumping, try "ulimit -c unlimited" before starting Java again
#
# If you would like to submit a bug report, please visit:
#   http://bugreport.java.com/bugreport/crash.jsp
# The crash happened outside the Java Virtual Machine in native code.
# See problematic frame for where to report the bug.
#

---------------  T H R E A D  ---------------

Current thread (0x00007fad1d099000):  JavaThread "Java2D Queue Flusher" daemon [_thread_in_native, id=45215, stack(0x00007000054f2000,0x00007000055f2000)]

siginfo: si_signo: 11 (SIGSEGV), si_code: 1 (SEGV_MAPERR), si_addr: 0x0000000000000002

Registers:
RAX=0x00000001259ad2fa, RBX=0x0000000000000002, RCX=0x0000000000000047, RDX=0x00000001259ad844
RSP=0x00007000055f1730, RBP=0x00007000055f1750, RSI=0x00007fad1cda4c20, RDI=0x00007fad1d0991f8
R8 =0x000000000000010c, R9 =0xffffffff00000000, R10=0x000000010edff038, R11=0x000000010ee00d40
R12=0x0000000000000000, R13=0x00007000055f18e8, R14=0x00007fad1d0991f8, R15=0x00007fad1d099000
RIP=0x000000012598ccdd, EFLAGS=0x0000000000010202, ERR=0x0000000000000004
  TRAPNO=0x000000000000000e

Top of Stack: (sp=0x00007000055f1730)
0x00007000055f1730:   00007fad1cda4c20 0000000000000000
0x00007000055f1740:   00007fad1d0b2a10 00007fad1d099000
0x00007000055f1750:   00007000055f17d0 00000001259ad322
0x00007000055f1760:   00007fad1cc3c900 0000000200000001
0x00007000055f1770:   0000000000000000 00007000055f1800
0x00007000055f1780:   0000000000000000 0000000000000000
0x00007000055f1790:   00007000055f17d0 00007fad1d0b2a20
0x00007000055f17a0:   0000000000c7faa0 00007fad1d0991f8
0x00007000055f17b0:   00000001ac3955c8 0000000000000000
0x00007000055f17c0:   00007000055f1968 00007fad1d099000
0x00007000055f17d0:   00007000055f1820 000000010edff0aa
0x00007000055f17e0:   000000074012d9d0 000000010d935f98
0x00007000055f17f0:   0000000000000064 0000000000000000
0x00007000055f1800:   0000000000000064 00007fad1cc3c378
0x00007000055f1810:   00007000055f1870 000000010d74ea1c
0x00007000055f1820:   00007000055f1940 000000010ee006fc
0x00007000055f1830:   0000000000000001 00007fad1cc3d060
0x00007000055f1840:   0000000740133a00 00007fad1d099000
0x00007000055f1850:   00007fad1d099000 00000001224ada00
0x00007000055f1860:   00007000055f1968 00007fad1d099000
0x00007000055f1870:   00007000055f18c0 000000010e983ee8
0x00007000055f1880:   000000074012d9d0 000000010e870d66
0x00007000055f1890:   00007000055f1940 000000010ee00d9c
0x00007000055f18a0:   00000001a7c550bc 00007000055f18e8
0x00007000055f18b0:   00000001a7c55138 0000000000000000
0x00007000055f18c0:   00007000055f1940 000000010e6492bd
0x00007000055f18d0:   00007000055f1940 000000010e6492bd
0x00007000055f18e0:   000000010e6492bd 000000074012d9d0
0x00007000055f18f0:   0000000000000001 0000000740133a78
0x00007000055f1900:   00007000055f18f0 0000000122a06e71
0x00007000055f1910:   00007000055f1968 0000000122a071c8
0x00007000055f1920:   0000000000000000 0000000122a06f78 

Instructions: (pc=0x000000012598ccdd)
0x000000012598ccbd:   c0 e9 82 00 00 00 48 8b 5e 10 48 85 db 75 0e bf
0x000000012598cccd:   01 00 00 00 48 8d 15 ef 76 03 00 eb d6 49 89 fe
0x000000012598ccdd:   4c 8b 3b 30 c0 e8 83 a3 02 00 49 8b 3f 49 89 c4
0x000000012598cced:   48 8b 35 34 f9 05 00 30 c0 e8 cb a4 02 00 48 85 

Register to memory mapping:

RAX=0x00000001259ad2fa: Java_sun_java2d_opengl_OGLRenderQueue_flushBuffer+0x612 in /Library/Java/JavaVirtualMachines/jdk1.8.0_101.jdk/Contents/Home/jre/lib/libawt_lwawt.dylib at 0x0000000125972000
RBX=0x0000000000000002 is an unknown value
RCX=0x0000000000000047 is an unknown value
RDX=0x00000001259ad844: Java_sun_java2d_opengl_OGLRenderQueue_flushBuffer+0xb5c in /Library/Java/JavaVirtualMachines/jdk1.8.0_101.jdk/Contents/Home/jre/lib/libawt_lwawt.dylib at 0x0000000125972000
RSP=0x00007000055f1730 is pointing into the stack for thread: 0x00007fad1d099000
RBP=0x00007000055f1750 is pointing into the stack for thread: 0x00007fad1d099000
RSI=0x00007fad1cda4c20 is an unknown value
RDI=0x00007fad1d0991f8 is an unknown value
R8 =0x000000000000010c is an unknown value
R9 =0xffffffff00000000 is an unknown value
R10=0x000000010edff038 is at entry_point+56 in (nmethod*)0x000000010edfee90
R11=0x000000010ee00d40 is at entry_point+0 in (nmethod*)0x000000010ee00bd0
R12=0x0000000000000000 is an unknown value
R13=0x00007000055f18e8 is pointing into the stack for thread: 0x00007fad1d099000
R14=0x00007fad1d0991f8 is an unknown value
R15=0x00007fad1d099000 is a thread


Stack: [0x00007000054f2000,0x00007000055f2000],  sp=0x00007000055f1730,  free space=1021k
Native frames: (J=compiled Java code, j=interpreted, Vv=VM code, C=native code)
C  [libawt_lwawt.dylib+0x1acdd]  OGLSD_SetScratchSurface+0x49
C  [libawt_lwawt.dylib+0x3b322]  Java_sun_java2d_opengl_OGLRenderQueue_flushBuffer+0x63a
J 2281  sun.java2d.opengl.OGLRenderQueue.flushBuffer(JI)V (0 bytes) @ 0x000000010edff0aa [0x000000010edff000+0xaa]
J 2277 C1 sun.java2d.opengl.OGLRenderQueue.flushBuffer()V (41 bytes) @ 0x000000010ee006fc [0x000000010ee004a0+0x25c]
J 2276 C1 sun.java2d.opengl.OGLRenderQueue.access$100(Lsun/java2d/opengl/OGLRenderQueue;)V (5 bytes) @ 0x000000010ee00d9c [0x000000010ee00d40+0x5c]
j  sun.java2d.opengl.OGLRenderQueue$QueueFlusher.run()V+81
v  ~StubRoutines::call_stub
V  [libjvm.dylib+0x2ecf06]  JavaCalls::call_helper(JavaValue*, methodHandle*, JavaCallArguments*, Thread*)+0x6ae
V  [libjvm.dylib+0x2ed694]  JavaCalls::call_virtual(JavaValue*, KlassHandle, Symbol*, Symbol*, JavaCallArguments*, Thread*)+0x164
V  [libjvm.dylib+0x2ed840]  JavaCalls::call_virtual(JavaValue*, Handle, KlassHandle, Symbol*, Symbol*, Thread*)+0x4a
V  [libjvm.dylib+0x348029]  thread_entry(JavaThread*, Thread*)+0x7c
V  [libjvm.dylib+0x5695ab]  JavaThread::thread_main_inner()+0x9b
V  [libjvm.dylib+0x56ac98]  JavaThread::run()+0x1c2
V  [libjvm.dylib+0x48933a]  java_start(Thread*)+0xf6
C  [libsystem_pthread.dylib+0x3661]  _pthread_body+0x154
C  [libsystem_pthread.dylib+0x350d]  _pthread_body+0x0
C  [libsystem_pthread.dylib+0x2bf9]  thread_start+0xd
C  0x0000000000000000

Java frames: (J=compiled Java code, j=interpreted, Vv=VM code)
J 2281  sun.java2d.opengl.OGLRenderQueue.flushBuffer(JI)V (0 bytes) @ 0x000000010edff038 [0x000000010edff000+0x38]
J 2277 C1 sun.java2d.opengl.OGLRenderQueue.flushBuffer()V (41 bytes) @ 0x000000010ee006fc [0x000000010ee004a0+0x25c]
J 2276 C1 sun.java2d.opengl.OGLRenderQueue.access$100(Lsun/java2d/opengl/OGLRenderQueue;)V (5 bytes) @ 0x000000010ee00d9c [0x000000010ee00d40+0x5c]
j  sun.java2d.opengl.OGLRenderQueue$QueueFlusher.run()V+81
v  ~StubRoutines::call_stub

---------------  P R O C E S S  ---------------

Java Threads: ( => current thread )
  0x00007fad1df8c000 JavaThread "Thread-2" [_thread_in_Java, id=52631, stack(0x0000700005b07000,0x0000700005c07000)]
  0x00007fad1d865800 JavaThread "Thread-0" [_thread_in_native, id=55591, stack(0x0000700005a04000,0x0000700005b04000)]
  0x00007fad1e10e000 JavaThread "TimerQueue" daemon [_thread_blocked, id=53955, stack(0x000070000587e000,0x000070000597e000)]
  0x00007fad1d954800 JavaThread "DestroyJavaVM" [_thread_blocked, id=6147, stack(0x000070000443c000,0x000070000453c000)]
  0x00007fad1d1bc000 JavaThread "AWT-EventQueue-0" [_thread_blocked, id=53079, stack(0x00007000056f8000,0x00007000057f8000)]
  0x00007fad1d14d800 JavaThread "AWT-Shutdown" [_thread_blocked, id=39151, stack(0x0000700005266000,0x0000700005366000)]
  0x00007fad1d9fb000 JavaThread "Java2D Disposer" daemon [_thread_blocked, id=78095, stack(0x00007000055f5000,0x00007000056f5000)]
=>0x00007fad1d099000 JavaThread "Java2D Queue Flusher" daemon [_thread_in_native, id=45215, stack(0x00007000054f2000,0x00007000055f2000)]
  0x00007fad1e9af800 JavaThread "AppKit Thread" daemon [_thread_in_native, id=775, stack(0x00007ffee2862000,0x00007ffee3062000)]
  0x00007fad1d83b000 JavaThread "Service Thread" daemon [_thread_blocked, id=15619, stack(0x0000700005060000,0x0000700005160000)]
  0x00007fad1e037800 JavaThread "C1 CompilerThread2" daemon [_thread_blocked, id=15107, stack(0x0000700004f5d000,0x000070000505d000)]
  0x00007fad1e01f800 JavaThread "C2 CompilerThread1" daemon [_thread_blocked, id=14595, stack(0x0000700004e5a000,0x0000700004f5a000)]
  0x00007fad1d82f800 JavaThread "C2 CompilerThread0" daemon [_thread_blocked, id=14339, stack(0x0000700004d57000,0x0000700004e57000)]
  0x00007fad1d806000 JavaThread "Signal Dispatcher" daemon [_thread_blocked, id=19207, stack(0x0000700004c54000,0x0000700004d54000)]
  0x00007fad1d011000 JavaThread "Finalizer" daemon [_thread_blocked, id=20227, stack(0x0000700004b51000,0x0000700004c51000)]
  0x00007fad1d00e800 JavaThread "Reference Handler" daemon [_thread_blocked, id=20739, stack(0x0000700004a4e000,0x0000700004b4e000)]

Other Threads:
  0x00007fad1e015800 VMThread [stack: 0x000070000494b000,0x0000700004a4b000] [id=20995]
  0x00007fad1d016000 WatcherThread [stack: 0x0000700005163000,0x0000700005263000] [id=18691]

VM state:not at safepoint (normal execution)

VM Mutex/Monitor currently owned by a thread: None

Heap:
 PSYoungGen      total 662528K, used 8485K [0x0000000795580000, 0x00000007bfc00000, 0x00000007c0000000)
  eden space 657920K, 1% used [0x0000000795580000,0x0000000795dc9560,0x00000007bd800000)
  from space 4608K, 0% used [0x00000007bf700000,0x00000007bf700000,0x00000007bfb80000)
  to   space 512K, 0% used [0x00000007bfb80000,0x00000007bfb80000,0x00000007bfc00000)
 ParOldGen       total 67072K, used 4694K [0x0000000740000000, 0x0000000744180000, 0x0000000795580000)
  object space 67072K, 6% used [0x0000000740000000,0x0000000740495980,0x0000000744180000)
 Metaspace       used 16581K, capacity 16778K, committed 17280K, reserved 1064960K
  class space    used 2264K, capacity 2319K, committed 2432K, reserved 1048576K

Card table byte_map: [0x000000011da01000,0x000000011de02000] byte_map_base: 0x000000011a001000

Marking Bits: (ParMarkBitMap*) 0x000000010dcedd20
 Begin Bits: [0x000000011e0ad000, 0x00000001200ad000)
 End Bits:   [0x00000001200ad000, 0x00000001220ad000)

Polling page: 0x000000010cbe5000

CodeCache: size=245760Kb used=8705Kb max_used=8762Kb free=237054Kb
 bounds [0x000000010e641000, 0x000000010eef1000, 0x000000011d641000]
 total_blobs=2937 nmethods=2388 adapters=462
 compilation: enabled

Compilation events (10 events):
Event: 3673.095 Thread 0x00007fad1d82f800 2580       4       com.google.common.collect.MapMakerInternalMap$EntryFactory$1::newEntry (12 bytes)
Event: 3673.096 Thread 0x00007fad1e037800 nmethod 2573 0x000000010eee48d0 code [0x000000010eee4f20, 0x000000010eee9d18]
Event: 3673.096 Thread 0x00007fad1e037800 2579       3       org.ggp.base.util.gdl.grammar.GdlRelation::toTerm (12 bytes)
Event: 3673.096 Thread 0x00007fad1e037800 nmethod 2579 0x000000010e8aac10 code [0x000000010e8aad80, 0x000000010e8aaf28]
Event: 3673.096 Thread 0x00007fad1e037800 2574       1       java.lang.ref.Reference::clear (6 bytes)
Event: 3673.096 Thread 0x00007fad1e037800 nmethod 2574 0x000000010e7d4f50 code [0x000000010e7d50a0, 0x000000010e7d51d0]
Event: 3673.096 Thread 0x00007fad1e037800 2578       1       com.google.common.collect.MapMakerInternalMap$SoftValueReference::getEntry (5 bytes)
Event: 3673.096 Thread 0x00007fad1e037800 nmethod 2578 0x000000010e9096d0 code [0x000000010e909820, 0x000000010e909930]
Event: 3673.096 Thread 0x00007fad1e037800 2575       3       sun.java2d.opengl.OGLContext::setScratchSurface (34 bytes)
Event: 3673.097 Thread 0x00007fad1d82f800 nmethod 2580 0x000000010eb45a50 code [0x000000010eb45ba0, 0x000000010eb45cd8]

GC Heap History (10 events):
Event: 128.618 GC heap before
{Heap before GC invocations=131 (full 3):
 PSYoungGen      total 693760K, used 691904K [0x0000000795580000, 0x00000007c0000000, 0x00000007c0000000)
  eden space 688640K, 100% used [0x0000000795580000,0x00000007bf600000,0x00000007bf600000)
  from space 5120K, 63% used [0x00000007bf600000,0x00000007bf930000,0x00000007bfb00000)
  to   space 5120K, 0% used [0x00000007bfb00000,0x00000007bfb00000,0x00000007c0000000)
 ParOldGen       total 70656K, used 50315K [0x0000000740000000, 0x0000000744500000, 0x0000000795580000)
  object space 70656K, 71% used [0x0000000740000000,0x0000000743122d10,0x0000000744500000)
 Metaspace       used 16271K, capacity 16464K, committed 16768K, reserved 1062912K
  class space    used 2257K, capacity 2324K, committed 2432K, reserved 1048576K
Event: 128.626 GC heap after
Heap after GC invocations=131 (full 3):
 PSYoungGen      total 692736K, used 3296K [0x0000000795580000, 0x00000007bff00000, 0x00000007c0000000)
  eden space 688640K, 0% used [0x0000000795580000,0x0000000795580000,0x00000007bf600000)
  from space 4096K, 80% used [0x00000007bfb00000,0x00000007bfe38000,0x00000007bff00000)
  to   space 4608K, 0% used [0x00000007bf600000,0x00000007bf600000,0x00000007bfa80000)
 ParOldGen       total 70656K, used 53523K [0x0000000740000000, 0x0000000744500000, 0x0000000795580000)
  object space 70656K, 75% used [0x0000000740000000,0x0000000743444d10,0x0000000744500000)
 Metaspace       used 16271K, capacity 16464K, committed 16768K, reserved 1062912K
  class space    used 2257K, capacity 2324K, committed 2432K, reserved 1048576K
}
Event: 129.741 GC heap before
{Heap before GC invocations=132 (full 3):
 PSYoungGen      total 692736K, used 691936K [0x0000000795580000, 0x00000007bff00000, 0x00000007c0000000)
  eden space 688640K, 100% used [0x0000000795580000,0x00000007bf600000,0x00000007bf600000)
  from space 4096K, 80% used [0x00000007bfb00000,0x00000007bfe38000,0x00000007bff00000)
  to   space 4608K, 0% used [0x00000007bf600000,0x00000007bf600000,0x00000007bfa80000)
 ParOldGen       total 70656K, used 53523K [0x0000000740000000, 0x0000000744500000, 0x0000000795580000)
  object space 70656K, 75% used [0x0000000740000000,0x0000000743444d10,0x0000000744500000)
 Metaspace       used 16271K, capacity 16464K, committed 16768K, reserved 1062912K
  class space    used 2257K, capacity 2324K, committed 2432K, reserved 1048576K
Event: 129.750 GC heap after
Heap after GC invocations=132 (full 3):
 PSYoungGen      total 693248K, used 3296K [0x0000000795580000, 0x00000007c0000000, 0x00000007c0000000)
  eden space 688640K, 0% used [0x0000000795580000,0x0000000795580000,0x00000007bf600000)
  from space 4608K, 71% used [0x00000007bf600000,0x00000007bf938000,0x00000007bfa80000)
  to   space 4608K, 0% used [0x00000007bfb80000,0x00000007bfb80000,0x00000007c0000000)
 ParOldGen       total 70656K, used 56787K [0x0000000740000000, 0x0000000744500000, 0x0000000795580000)
  object space 70656K, 80% used [0x0000000740000000,0x0000000743774d10,0x0000000744500000)
 Metaspace       used 16271K, capacity 16464K, committed 16768K, reserved 1062912K
  class space    used 2257K, capacity 2324K, committed 2432K, reserved 1048576K
}
Event: 130.855 GC heap before
{Heap before GC invocations=133 (full 3):
 PSYoungGen      total 693248K, used 691936K [0x0000000795580000, 0x00000007c0000000, 0x00000007c0000000)
  eden space 688640K, 100% used [0x0000000795580000,0x00000007bf600000,0x00000007bf600000)
  from space 4608K, 71% used [0x00000007bf600000,0x00000007bf938000,0x00000007bfa80000)
  to   space 4608K, 0% used [0x00000007bfb80000,0x00000007bfb80000,0x00000007c0000000)
 ParOldGen       total 70656K, used 56787K [0x0000000740000000, 0x0000000744500000, 0x0000000795580000)
  object space 70656K, 80% used [0x0000000740000000,0x0000000743774d10,0x0000000744500000)
 Metaspace       used 16271K, capacity 16464K, committed 16768K, reserved 1062912K
  class space    used 2257K, capacity 2324K, committed 2432K, reserved 1048576K
Event: 130.864 GC heap after
Heap after GC invocations=133 (full 3):
 PSYoungGen      total 694272K, used 3264K [0x0000000795580000, 0x00000007c0000000, 0x00000007c0000000)
  eden space 689664K, 0% used [0x0000000795580000,0x0000000795580000,0x00000007bf700000)
  from space 4608K, 70% used [0x00000007bfb80000,0x00000007bfeb0000,0x00000007c0000000)
  to   space 4608K, 0% used [0x00000007bf700000,0x00000007bf700000,0x00000007bfb80000)
 ParOldGen       total 70656K, used 60035K [0x0000000740000000, 0x0000000744500000, 0x0000000795580000)
  object space 70656K, 84% used [0x0000000740000000,0x0000000743aa0d10,0x0000000744500000)
 Metaspace       used 16271K, capacity 16464K, committed 16768K, reserved 1062912K
  class space    used 2257K, capacity 2324K, committed 2432K, reserved 1048576K
}
Event: 3672.808 GC heap before
{Heap before GC invocations=134 (full 3):
 PSYoungGen      total 694272K, used 692928K [0x0000000795580000, 0x00000007c0000000, 0x00000007c0000000)
  eden space 689664K, 100% used [0x0000000795580000,0x00000007bf700000,0x00000007bf700000)
  from space 4608K, 70% used [0x00000007bfb80000,0x00000007bfeb0000,0x00000007c0000000)
  to   space 4608K, 0% used [0x00000007bf700000,0x00000007bf700000,0x00000007bfb80000)
 ParOldGen       total 70656K, used 60035K [0x0000000740000000, 0x0000000744500000, 0x0000000795580000)
  object space 70656K, 84% used [0x0000000740000000,0x0000000743aa0d10,0x0000000744500000)
 Metaspace       used 16571K, capacity 16796K, committed 17280K, reserved 1064960K
  class space    used 2264K, capacity 2326K, committed 2432K, reserved 1048576K
Event: 3673.012 GC heap after
Heap after GC invocations=134 (full 3):
 PSYoungGen      total 662528K, used 4578K [0x0000000795580000, 0x00000007bfc00000, 0x00000007c0000000)
  eden space 657920K, 0% used [0x0000000795580000,0x0000000795580000,0x00000007bd800000)
  from space 4608K, 99% used [0x00000007bf700000,0x00000007bfb789f0,0x00000007bfb80000)
  to   space 512K, 0% used [0x00000007bfb80000,0x00000007bfb80000,0x00000007bfc00000)
 ParOldGen       total 73728K, used 72138K [0x0000000740000000, 0x0000000744800000, 0x0000000795580000)
  object space 73728K, 97% used [0x0000000740000000,0x0000000744672900,0x0000000744800000)
 Metaspace       used 16571K, capacity 16796K, committed 17280K, reserved 1064960K
  class space    used 2264K, capacity 2326K, committed 2432K, reserved 1048576K
}
Event: 3673.012 GC heap before
{Heap before GC invocations=135 (full 4):
 PSYoungGen      total 662528K, used 4578K [0x0000000795580000, 0x00000007bfc00000, 0x00000007c0000000)
  eden space 657920K, 0% used [0x0000000795580000,0x0000000795580000,0x00000007bd800000)
  from space 4608K, 99% used [0x00000007bf700000,0x00000007bfb789f0,0x00000007bfb80000)
  to   space 512K, 0% used [0x00000007bfb80000,0x00000007bfb80000,0x00000007bfc00000)
 ParOldGen       total 73728K, used 72138K [0x0000000740000000, 0x0000000744800000, 0x0000000795580000)
  object space 73728K, 97% used [0x0000000740000000,0x0000000744672900,0x0000000744800000)
 Metaspace       used 16571K, capacity 16796K, committed 17280K, reserved 1064960K
  class space    used 2264K, capacity 2326K, committed 2432K, reserved 1048576K
Event: 3673.083 GC heap after
Heap after GC invocations=135 (full 4):
 PSYoungGen      total 662528K, used 0K [0x0000000795580000, 0x00000007bfc00000, 0x00000007c0000000)
  eden space 657920K, 0% used [0x0000000795580000,0x0000000795580000,0x00000007bd800000)
  from space 4608K, 0% used [0x00000007bf700000,0x00000007bf700000,0x00000007bfb80000)
  to   space 512K, 0% used [0x00000007bfb80000,0x00000007bfb80000,0x00000007bfc00000)
 ParOldGen       total 67072K, used 4694K [0x0000000740000000, 0x0000000744180000, 0x0000000795580000)
  object space 67072K, 6% used [0x0000000740000000,0x0000000740495980,0x0000000744180000)
 Metaspace       used 16560K, capacity 16778K, committed 17280K, reserved 1064960K
  class space    used 2260K, capacity 2319K, committed 2432K, reserved 1048576K
}

Deoptimization events (10 events):
Event: 3669.159 Thread 0x00007fad1df8c000 Uncommon trap: reason=class_check action=maybe_recompile pc=0x000000010eda46dc method=java.util.AbstractMap.equals(Ljava/lang/Object;)Z @ 123
Event: 3669.159 Thread 0x00007fad1df8c000 Uncommon trap: reason=class_check action=maybe_recompile pc=0x000000010eda46dc method=java.util.AbstractMap.equals(Ljava/lang/Object;)Z @ 123
Event: 3673.084 Thread 0x00007fad1df8c000 Uncommon trap: reason=unstable_if action=reinterpret pc=0x000000010ec60c2c method=com.google.common.collect.MapMakerInternalMap$Segment.get(Ljava/lang/Object;I)Ljava/lang/Object; @ 36
Event: 3673.093 Thread 0x00007fad1df8c000 Uncommon trap: reason=unstable_if action=reinterpret pc=0x000000010ecde0cc method=com.google.common.collect.MapMakerInternalMap$Segment.get(Ljava/lang/Object;I)Ljava/lang/Object; @ 36
Event: 3673.094 Thread 0x00007fad1df8c000 Uncommon trap: reason=unstable_if action=reinterpret pc=0x000000010ece8174 method=com.google.common.collect.MapMakerInternalMap$Segment.drainValueReferenceQueue()V @ 11
Event: 3673.094 Thread 0x00007fad1df8c000 Uncommon trap: reason=unstable_if action=reinterpret pc=0x000000010eceea3c method=com.google.common.collect.MapMakerInternalMap$Segment.drainValueReferenceQueue()V @ 11
Event: 3673.094 Thread 0x00007fad1df8c000 Uncommon trap: reason=unstable_if action=reinterpret pc=0x000000010ebb2488 method=com.google.common.collect.MapMakerInternalMap$Segment.get(Ljava/lang/Object;I)Ljava/lang/Object; @ 36
Event: 3673.095 Thread 0x00007fad1df8c000 Uncommon trap: reason=unstable_if action=reinterpret pc=0x000000010eca39b0 method=com.google.common.collect.MapMakerInternalMap$Segment.get(Ljava/lang/Object;I)Ljava/lang/Object; @ 36
Event: 3673.097 Thread 0x00007fad1df8c000 Uncommon trap: reason=unstable_if action=reinterpret pc=0x000000010ec99298 method=com.google.common.collect.MapMakerInternalMap$Segment.get(Ljava/lang/Object;I)Ljava/lang/Object; @ 36
Event: 3673.098 Thread 0x00007fad1df8c000 Uncommon trap: reason=bimorphic action=maybe_recompile pc=0x000000010ebb5e84 method=com.google.common.base.Equivalence$Equals.doEquivalent(Ljava/lang/Object;Ljava/lang/Object;)Z @ 2

Internal exceptions (10 events):
Event: 0.552 Thread 0x00007fad1e003000 Exception <a 'java/io/FileNotFoundException'> (0x000000079583bc88) thrown at [/HUDSON3/workspace/8-2-build-macosx-x86_64/jdk8u101/7261/hotspot/src/share/vm/prims/jni.cpp, line 709]
Event: 0.553 Thread 0x00007fad1e003000 Exception <a 'java/io/FileNotFoundException'> (0x000000079583c7e8) thrown at [/HUDSON3/workspace/8-2-build-macosx-x86_64/jdk8u101/7261/hotspot/src/share/vm/prims/jni.cpp, line 709]
Event: 5.008 Thread 0x00007fad1d1bc000 Implicit null exception at 0x000000010e902bb5 to 0x000000010e902f51
Event: 5.008 Thread 0x00007fad1d1bc000 Implicit null exception at 0x000000010e856175 to 0x000000010e8564e5
Event: 5.199 Thread 0x00007fad1d011000 Exception <a 'java/lang/NullPointerException'> (0x00000007957e8c08) thrown at [/HUDSON3/workspace/8-2-build-macosx-x86_64/jdk8u101/7261/hotspot/src/share/vm/interpreter/linkResolver.cpp, line 1178]
Event: 20.687 Thread 0x00007fad1d011000 Exception <a 'java/lang/NullPointerException'> (0x00000007955d9eb0) thrown at [/HUDSON3/workspace/8-2-build-macosx-x86_64/jdk8u101/7261/hotspot/src/share/vm/interpreter/linkResolver.cpp, line 1178]
Event: 3673.084 Thread 0x00007fad1df8c000 Implicit null exception at 0x000000010ec5fffe to 0x000000010ec60bf9
Event: 3673.093 Thread 0x00007fad1df8c000 Implicit null exception at 0x000000010ecdcfee to 0x000000010ecde099
Event: 3673.095 Thread 0x00007fad1df8c000 Implicit null exception at 0x000000010ec9eb52 to 0x000000010eca3935
Event: 3673.096 Thread 0x00007fad1df8c000 Implicit null exception at 0x000000010ec97776 to 0x000000010ec99265

Events (10 events):
Event: 3673.094 Thread 0x00007fad1df8c000 DEOPT UNPACKING pc=0x000000010e646229 sp=0x0000700005c047c8 mode 2
Event: 3673.095 Thread 0x00007fad1df8c000 Uncommon trap: trap_request=0xffffff65 fr.pc=0x000000010eca39b0
Event: 3673.095 Thread 0x00007fad1df8c000 DEOPT PACKING pc=0x000000010eca39b0 sp=0x0000700005c04b80
Event: 3673.095 Thread 0x00007fad1df8c000 DEOPT UNPACKING pc=0x000000010e646229 sp=0x0000700005c048a8 mode 2
Event: 3673.096 Thread 0x00007fad1df8c000 Uncommon trap: trap_request=0xffffff65 fr.pc=0x000000010ec99298
Event: 3673.097 Thread 0x00007fad1df8c000 DEOPT PACKING pc=0x000000010ec99298 sp=0x0000700005c04960
Event: 3673.098 Thread 0x00007fad1df8c000 DEOPT UNPACKING pc=0x000000010e646229 sp=0x0000700005c047e8 mode 2
Event: 3673.098 Thread 0x00007fad1df8c000 Uncommon trap: trap_request=0xffffffc6 fr.pc=0x000000010ebb5e84
Event: 3673.099 Thread 0x00007fad1df8c000 DEOPT PACKING pc=0x000000010ebb5e84 sp=0x0000700005c045d0
Event: 3673.099 Thread 0x00007fad1df8c000 DEOPT UNPACKING pc=0x000000010e646229 sp=0x0000700005c044e8 mode 2


Dynamic libraries:
0x0000000008f95000 	/System/Library/Frameworks/Cocoa.framework/Versions/A/Cocoa
0x0000000008f95000 	/System/Library/Frameworks/Security.framework/Versions/A/Security
0x0000000008f95000 	/System/Library/Frameworks/ApplicationServices.framework/Versions/A/ApplicationServices
0x0000000008f95000 	/usr/lib/libz.1.dylib
0x0000000008f95000 	/usr/lib/libSystem.B.dylib
0x0000000008f95000 	/usr/lib/libobjc.A.dylib
0x0000000008f95000 	/System/Library/Frameworks/CoreFoundation.framework/Versions/A/CoreFoundation
0x0000000008f95000 	/System/Library/Frameworks/Foundation.framework/Versions/C/Foundation
0x0000000008f95000 	/System/Library/Frameworks/AppKit.framework/Versions/C/AppKit
0x0000000008f95000 	/System/Library/Frameworks/CoreData.framework/Versions/A/CoreData
0x0000000008f95000 	/System/Library/PrivateFrameworks/RemoteViewServices.framework/Versions/A/RemoteViewServices
0x0000000008f95000 	/System/Library/PrivateFrameworks/UIFoundation.framework/Versions/A/UIFoundation
0x0000000008f95000 	/System/Library/PrivateFrameworks/DFRFoundation.framework/Versions/A/DFRFoundation
0x0000000008f95000 	/System/Library/Frameworks/Metal.framework/Versions/A/Metal
0x0000000008f95000 	/System/Library/PrivateFrameworks/DesktopServicesPriv.framework/Versions/A/DesktopServicesPriv
0x0000000008f95000 	/usr/lib/libenergytrace.dylib
0x0000000008f95000 	/System/Library/PrivateFrameworks/SkyLight.framework/Versions/A/SkyLight
0x0000000008f95000 	/System/Library/Frameworks/CoreGraphics.framework/Versions/A/CoreGraphics
0x0000000008f95000 	/usr/lib/libScreenReader.dylib
0x0000000008f95000 	/System/Library/Frameworks/Accelerate.framework/Versions/A/Accelerate
0x0000000008f95000 	/System/Library/Frameworks/IOSurface.framework/Versions/A/IOSurface
0x0000000008f95000 	/System/Library/Frameworks/AudioToolbox.framework/Versions/A/AudioToolbox
0x0000000008f95000 	/System/Library/Frameworks/AudioUnit.framework/Versions/A/AudioUnit
0x0000000008f95000 	/System/Library/PrivateFrameworks/DataDetectorsCore.framework/Versions/A/DataDetectorsCore
0x0000000008f95000 	/System/Library/Frameworks/Carbon.framework/Versions/A/Frameworks/HIToolbox.framework/Versions/A/HIToolbox
0x0000000008f95000 	/usr/lib/libicucore.A.dylib
0x0000000008f95000 	/System/Library/Frameworks/QuartzCore.framework/Versions/A/QuartzCore
0x0000000008f95000 	/System/Library/PrivateFrameworks/SignpostNotification.framework/Versions/A/SignpostNotification
0x0000000008f95000 	/System/Library/Frameworks/Carbon.framework/Versions/A/Frameworks/SpeechRecognition.framework/Versions/A/SpeechRecognition
0x0000000008f95000 	/usr/lib/libauto.dylib
0x0000000008f95000 	/usr/lib/libxml2.2.dylib
0x0000000008f95000 	/System/Library/PrivateFrameworks/CoreUI.framework/Versions/A/CoreUI
0x0000000008f95000 	/System/Library/Frameworks/CoreAudio.framework/Versions/A/CoreAudio
0x0000000008f95000 	/System/Library/Frameworks/DiskArbitration.framework/Versions/A/DiskArbitration
0x0000000008f95000 	/usr/lib/liblangid.dylib
0x0000000008f95000 	/System/Library/PrivateFrameworks/MultitouchSupport.framework/Versions/A/MultitouchSupport
0x0000000008f95000 	/System/Library/Frameworks/IOKit.framework/Versions/A/IOKit
0x0000000008f95000 	/usr/lib/libDiagnosticMessagesClient.dylib
0x0000000008f95000 	/System/Library/Frameworks/CoreServices.framework/Versions/A/CoreServices
0x0000000008f95000 	/System/Library/PrivateFrameworks/PerformanceAnalysis.framework/Versions/A/PerformanceAnalysis
0x0000000008f95000 	/System/Library/Frameworks/OpenGL.framework/Versions/A/OpenGL
0x0000000008f95000 	/System/Library/Frameworks/ColorSync.framework/Versions/A/ColorSync
0x0000000008f95000 	/System/Library/Frameworks/CoreImage.framework/Versions/A/CoreImage
0x0000000008f95000 	/System/Library/Frameworks/CoreText.framework/Versions/A/CoreText
0x0000000008f95000 	/System/Library/Frameworks/ImageIO.framework/Versions/A/ImageIO
0x0000000008f95000 	/System/Library/PrivateFrameworks/Backup.framework/Versions/A/Backup
0x0000000008f95000 	/usr/lib/libarchive.2.dylib
0x0000000008f95000 	/System/Library/Frameworks/CFNetwork.framework/Versions/A/CFNetwork
0x0000000008f95000 	/System/Library/Frameworks/SystemConfiguration.framework/Versions/A/SystemConfiguration
0x0000000008f95000 	/usr/lib/libCRFSuite.dylib
0x0000000008f95000 	/usr/lib/libc++.1.dylib
0x0000000008f95000 	/usr/lib/libc++abi.dylib
0x0000000008f95000 	/usr/lib/system/libcache.dylib
0x0000000008f95000 	/usr/lib/system/libcommonCrypto.dylib
0x0000000008f95000 	/usr/lib/system/libcompiler_rt.dylib
0x0000000008f95000 	/usr/lib/system/libcopyfile.dylib
0x0000000008f95000 	/usr/lib/system/libcorecrypto.dylib
0x0000000008f95000 	/usr/lib/system/libdispatch.dylib
0x0000000008f95000 	/usr/lib/system/libdyld.dylib
0x0000000008f95000 	/usr/lib/system/libkeymgr.dylib
0x0000000008f95000 	/usr/lib/system/liblaunch.dylib
0x0000000008f95000 	/usr/lib/system/libmacho.dylib
0x0000000008f95000 	/usr/lib/system/libquarantine.dylib
0x0000000008f95000 	/usr/lib/system/libremovefile.dylib
0x0000000008f95000 	/usr/lib/system/libsystem_asl.dylib
0x0000000008f95000 	/usr/lib/system/libsystem_blocks.dylib
0x0000000008f95000 	/usr/lib/system/libsystem_c.dylib
0x0000000008f95000 	/usr/lib/system/libsystem_configuration.dylib
0x0000000008f95000 	/usr/lib/system/libsystem_coreservices.dylib
0x0000000008f95000 	/usr/lib/system/libsystem_darwin.dylib
0x0000000008f95000 	/usr/lib/system/libsystem_dnssd.dylib
0x0000000008f95000 	/usr/lib/system/libsystem_info.dylib
0x0000000008f95000 	/usr/lib/system/libsystem_m.dylib
0x0000000008f95000 	/usr/lib/system/libsystem_malloc.dylib
0x0000000008f95000 	/usr/lib/system/libsystem_network.dylib
0x0000000008f95000 	/usr/lib/system/libsystem_networkextension.dylib
0x0000000008f95000 	/usr/lib/system/libsystem_notify.dylib
0x0000000008f95000 	/usr/lib/system/libsystem_sandbox.dylib
0x0000000008f95000 	/usr/lib/system/libsystem_secinit.dylib
0x0000000008f95000 	/usr/lib/system/libsystem_kernel.dylib
0x0000000008f95000 	/usr/lib/system/libsystem_platform.dylib
0x0000000008f95000 	/usr/lib/system/libsystem_pthread.dylib
0x0000000008f95000 	/usr/lib/system/libsystem_symptoms.dylib
0x0000000008f95000 	/usr/lib/system/libsystem_trace.dylib
0x0000000008f95000 	/usr/lib/system/libunwind.dylib
0x0000000008f95000 	/usr/lib/system/libxpc.dylib
0x0000000008f95000 	/usr/lib/closure/libclosured.dylib
0x0000000008f95000 	/usr/lib/libbsm.0.dylib
0x0000000008f95000 	/usr/lib/system/libkxld.dylib
0x0000000008f95000 	/usr/lib/libOpenScriptingUtil.dylib
0x0000000008f95000 	/usr/lib/libcoretls.dylib
0x0000000008f95000 	/usr/lib/libcoretls_cfhelpers.dylib
0x0000000008f95000 	/usr/lib/libpam.2.dylib
0x0000000008f95000 	/usr/lib/libsqlite3.dylib
0x0000000008f95000 	/usr/lib/libxar.1.dylib
0x0000000008f95000 	/usr/lib/libbz2.1.0.dylib
0x0000000008f95000 	/usr/lib/liblzma.5.dylib
0x0000000008f95000 	/usr/lib/libnetwork.dylib
0x0000000008f95000 	/usr/lib/libapple_nghttp2.dylib
0x0000000008f95000 	/usr/lib/libpcap.A.dylib
0x0000000008f95000 	/usr/lib/libboringssl.dylib
0x0000000008f95000 	/usr/lib/libusrtcp.dylib
0x0000000008f95000 	/usr/lib/libapple_crypto.dylib
0x0000000008f95000 	/System/Library/Frameworks/CoreServices.framework/Versions/A/Frameworks/FSEvents.framework/Versions/A/FSEvents
0x0000000008f95000 	/System/Library/Frameworks/CoreServices.framework/Versions/A/Frameworks/CarbonCore.framework/Versions/A/CarbonCore
0x0000000008f95000 	/System/Library/Frameworks/CoreServices.framework/Versions/A/Frameworks/Metadata.framework/Versions/A/Metadata
0x0000000008f95000 	/System/Library/Frameworks/CoreServices.framework/Versions/A/Frameworks/OSServices.framework/Versions/A/OSServices
0x0000000008f95000 	/System/Library/Frameworks/CoreServices.framework/Versions/A/Frameworks/SearchKit.framework/Versions/A/SearchKit
0x0000000008f95000 	/System/Library/Frameworks/CoreServices.framework/Versions/A/Frameworks/AE.framework/Versions/A/AE
0x0000000008f95000 	/System/Library/Frameworks/CoreServices.framework/Versions/A/Frameworks/LaunchServices.framework/Versions/A/LaunchServices
0x0000000008f95000 	/System/Library/Frameworks/CoreServices.framework/Versions/A/Frameworks/DictionaryServices.framework/Versions/A/DictionaryServices
0x0000000008f95000 	/System/Library/Frameworks/CoreServices.framework/Versions/A/Frameworks/SharedFileList.framework/Versions/A/SharedFileList
0x0000000008f95000 	/System/Library/Frameworks/NetFS.framework/Versions/A/NetFS
0x0000000008f95000 	/System/Library/PrivateFrameworks/NetAuth.framework/Versions/A/NetAuth
0x0000000008f95000 	/System/Library/PrivateFrameworks/login.framework/Versions/A/Frameworks/loginsupport.framework/Versions/A/loginsupport
0x0000000008f95000 	/System/Library/PrivateFrameworks/TCC.framework/Versions/A/TCC
0x0000000008f95000 	/usr/lib/libmecabra.dylib
0x0000000008f95000 	/System/Library/Frameworks/ApplicationServices.framework/Versions/A/Frameworks/ATS.framework/Versions/A/ATS
0x0000000008f95000 	/System/Library/Frameworks/ApplicationServices.framework/Versions/A/Frameworks/ColorSyncLegacy.framework/Versions/A/ColorSyncLegacy
0x0000000008f95000 	/System/Library/Frameworks/ApplicationServices.framework/Versions/A/Frameworks/HIServices.framework/Versions/A/HIServices
0x0000000008f95000 	/System/Library/Frameworks/ApplicationServices.framework/Versions/A/Frameworks/LangAnalysis.framework/Versions/A/LangAnalysis
0x0000000008f95000 	/System/Library/Frameworks/ApplicationServices.framework/Versions/A/Frameworks/PrintCore.framework/Versions/A/PrintCore
0x0000000008f95000 	/System/Library/Frameworks/ApplicationServices.framework/Versions/A/Frameworks/QD.framework/Versions/A/QD
0x0000000008f95000 	/System/Library/Frameworks/ApplicationServices.framework/Versions/A/Frameworks/SpeechSynthesis.framework/Versions/A/SpeechSynthesis
0x0000000008f95000 	/System/Library/Frameworks/CoreDisplay.framework/Versions/A/CoreDisplay
0x0000000008f95000 	/System/Library/Frameworks/Accelerate.framework/Versions/A/Frameworks/vImage.framework/Versions/A/vImage
0x0000000008f95000 	/System/Library/Frameworks/Accelerate.framework/Versions/A/Frameworks/vecLib.framework/Versions/A/vecLib
0x0000000008f95000 	/System/Library/Frameworks/Accelerate.framework/Versions/A/Frameworks/vecLib.framework/Versions/A/libvDSP.dylib
0x0000000008f95000 	/System/Library/Frameworks/Accelerate.framework/Versions/A/Frameworks/vecLib.framework/Versions/A/libBNNS.dylib
0x0000000008f95000 	/System/Library/Frameworks/Accelerate.framework/Versions/A/Frameworks/vecLib.framework/Versions/A/libQuadrature.dylib
0x0000000008f95000 	/System/Library/Frameworks/Accelerate.framework/Versions/A/Frameworks/vecLib.framework/Versions/A/libvMisc.dylib
0x0000000008f95000 	/System/Library/Frameworks/Accelerate.framework/Versions/A/Frameworks/vecLib.framework/Versions/A/libLAPACK.dylib
0x0000000008f95000 	/System/Library/Frameworks/Accelerate.framework/Versions/A/Frameworks/vecLib.framework/Versions/A/libBLAS.dylib
0x0000000008f95000 	/System/Library/Frameworks/Accelerate.framework/Versions/A/Frameworks/vecLib.framework/Versions/A/libLinearAlgebra.dylib
0x0000000008f95000 	/System/Library/Frameworks/Accelerate.framework/Versions/A/Frameworks/vecLib.framework/Versions/A/libSparse.dylib
0x0000000008f95000 	/System/Library/Frameworks/Accelerate.framework/Versions/A/Frameworks/vecLib.framework/Versions/A/libSparseBLAS.dylib
0x0000000008f95000 	/System/Library/PrivateFrameworks/GPUWrangler.framework/Versions/A/GPUWrangler
0x0000000008f95000 	/System/Library/PrivateFrameworks/IOAccelerator.framework/Versions/A/IOAccelerator
0x0000000008f95000 	/System/Library/PrivateFrameworks/IOPresentment.framework/Versions/A/IOPresentment
0x0000000008f95000 	/System/Library/PrivateFrameworks/DSExternalDisplay.framework/Versions/A/DSExternalDisplay
0x0000000008f95000 	/System/Library/Frameworks/OpenGL.framework/Versions/A/Libraries/libCoreFSCache.dylib
0x0000000008f95000 	/System/Library/Frameworks/CoreVideo.framework/Versions/A/CoreVideo
0x0000000008f95000 	/System/Library/PrivateFrameworks/GraphVisualizer.framework/Versions/A/GraphVisualizer
0x0000000008f95000 	/System/Library/Frameworks/MetalPerformanceShaders.framework/Versions/A/MetalPerformanceShaders
0x0000000008f95000 	/usr/lib/libFosl_dynamic.dylib
0x0000000008f95000 	/System/Library/PrivateFrameworks/FaceCore.framework/Versions/A/FaceCore
0x0000000008f95000 	/System/Library/Frameworks/OpenCL.framework/Versions/A/OpenCL
0x0000000008f95000 	/usr/lib/libcompression.dylib
0x0000000008f95000 	/System/Library/Frameworks/ApplicationServices.framework/Versions/A/Frameworks/ATS.framework/Versions/A/Resources/libFontParser.dylib
0x0000000008f95000 	/System/Library/Frameworks/ApplicationServices.framework/Versions/A/Frameworks/ATS.framework/Versions/A/Resources/libFontRegistry.dylib
0x0000000008f95000 	/System/Library/Frameworks/ImageIO.framework/Versions/A/Resources/libJPEG.dylib
0x0000000008f95000 	/System/Library/Frameworks/ImageIO.framework/Versions/A/Resources/libTIFF.dylib
0x0000000008f95000 	/System/Library/Frameworks/ImageIO.framework/Versions/A/Resources/libPng.dylib
0x0000000008f95000 	/System/Library/Frameworks/ImageIO.framework/Versions/A/Resources/libGIF.dylib
0x0000000008f95000 	/System/Library/Frameworks/ImageIO.framework/Versions/A/Resources/libJP2.dylib
0x0000000008f95000 	/System/Library/Frameworks/ImageIO.framework/Versions/A/Resources/libRadiance.dylib
0x0000000008f95000 	/System/Library/PrivateFrameworks/AppleJPEG.framework/Versions/A/AppleJPEG
0x0000000008f95000 	/System/Library/Frameworks/MetalPerformanceShaders.framework/Frameworks/MPSCore.framework/Versions/A/MPSCore
0x0000000008f95000 	/System/Library/Frameworks/MetalPerformanceShaders.framework/Frameworks/MPSImage.framework/Versions/A/MPSImage
0x0000000008f95000 	/System/Library/Frameworks/MetalPerformanceShaders.framework/Frameworks/MPSNeuralNetwork.framework/Versions/A/MPSNeuralNetwork
0x0000000008f95000 	/System/Library/Frameworks/MetalPerformanceShaders.framework/Frameworks/MPSMatrix.framework/Versions/A/MPSMatrix
0x0000000008f95000 	/System/Library/PrivateFrameworks/MetalTools.framework/Versions/A/MetalTools
0x0000000008f95000 	/System/Library/Frameworks/OpenGL.framework/Versions/A/Libraries/libGLU.dylib
0x0000000008f95000 	/System/Library/Frameworks/OpenGL.framework/Versions/A/Libraries/libGFXShared.dylib
0x0000000008f95000 	/System/Library/Frameworks/OpenGL.framework/Versions/A/Libraries/libGL.dylib
0x0000000008f95000 	/System/Library/Frameworks/OpenGL.framework/Versions/A/Libraries/libGLImage.dylib
0x0000000008f95000 	/System/Library/Frameworks/OpenGL.framework/Versions/A/Libraries/libCVMSPluginSupport.dylib
0x0000000008f95000 	/System/Library/Frameworks/OpenGL.framework/Versions/A/Libraries/libCoreVMClient.dylib
0x0000000008f95000 	/usr/lib/libcups.2.dylib
0x0000000008f95000 	/System/Library/Frameworks/Kerberos.framework/Versions/A/Kerberos
0x0000000008f95000 	/System/Library/Frameworks/GSS.framework/Versions/A/GSS
0x0000000008f95000 	/usr/lib/libresolv.9.dylib
0x0000000008f95000 	/usr/lib/libiconv.2.dylib
0x0000000008f95000 	/System/Library/PrivateFrameworks/Heimdal.framework/Versions/A/Heimdal
0x0000000008f95000 	/usr/lib/libheimdal-asn1.dylib
0x0000000008f95000 	/System/Library/Frameworks/OpenDirectory.framework/Versions/A/OpenDirectory
0x0000000008f95000 	/System/Library/PrivateFrameworks/CommonAuth.framework/Versions/A/CommonAuth
0x0000000008f95000 	/System/Library/Frameworks/OpenDirectory.framework/Versions/A/Frameworks/CFOpenDirectory.framework/Versions/A/CFOpenDirectory
0x0000000008f95000 	/System/Library/Frameworks/SecurityFoundation.framework/Versions/A/SecurityFoundation
0x0000000008f95000 	/System/Library/PrivateFrameworks/APFS.framework/Versions/A/APFS
0x0000000008f95000 	/usr/lib/libutil.dylib
0x0000000008f95000 	/System/Library/PrivateFrameworks/AppleSauce.framework/Versions/A/AppleSauce
0x0000000008f95000 	/System/Library/PrivateFrameworks/LinguisticData.framework/Versions/A/LinguisticData
0x0000000008f95000 	/usr/lib/libmarisa.dylib
0x0000000008f95000 	/System/Library/PrivateFrameworks/Lexicon.framework/Versions/A/Lexicon
0x0000000008f95000 	/usr/lib/libChineseTokenizer.dylib
0x0000000008f95000 	/usr/lib/libcmph.dylib
0x0000000008f95000 	/System/Library/PrivateFrameworks/LanguageModeling.framework/Versions/A/LanguageModeling
0x0000000008f95000 	/System/Library/PrivateFrameworks/CoreEmoji.framework/Versions/A/CoreEmoji
0x0000000008f95000 	/System/Library/Frameworks/ServiceManagement.framework/Versions/A/ServiceManagement
0x0000000008f95000 	/System/Library/PrivateFrameworks/BackgroundTaskManagement.framework/Versions/A/BackgroundTaskManagement
0x0000000008f95000 	/usr/lib/libxslt.1.dylib
0x0000000008f95000 	/System/Library/Frameworks/Carbon.framework/Versions/A/Frameworks/Ink.framework/Versions/A/Ink
0x0000000008f95000 	/System/Library/PrivateFrameworks/TextureIO.framework/Versions/A/TextureIO
0x0000000008f95000 	/usr/lib/libate.dylib
0x0000000008f95000 	/System/Library/PrivateFrameworks/CrashReporterSupport.framework/Versions/A/CrashReporterSupport
0x0000000008f95000 	/System/Library/PrivateFrameworks/Sharing.framework/Versions/A/Sharing
0x0000000008f95000 	/System/Library/PrivateFrameworks/IconServices.framework/Versions/A/IconServices
0x0000000008f95000 	/System/Library/PrivateFrameworks/Apple80211.framework/Versions/A/Apple80211
0x0000000008f95000 	/System/Library/PrivateFrameworks/CoreUtils.framework/Versions/A/CoreUtils
0x0000000008f95000 	/System/Library/Frameworks/CoreWLAN.framework/Versions/A/CoreWLAN
0x0000000008f95000 	/System/Library/Frameworks/IOBluetooth.framework/Versions/A/IOBluetooth
0x0000000008f95000 	/System/Library/PrivateFrameworks/ProtocolBuffer.framework/Versions/A/ProtocolBuffer
0x0000000008f95000 	/System/Library/PrivateFrameworks/CoreWiFi.framework/Versions/A/CoreWiFi
0x0000000008f95000 	/System/Library/Frameworks/CoreBluetooth.framework/Versions/A/CoreBluetooth
0x0000000008f95000 	/System/Library/PrivateFrameworks/DebugSymbols.framework/Versions/A/DebugSymbols
0x0000000008f95000 	/System/Library/PrivateFrameworks/CoreSymbolication.framework/Versions/A/CoreSymbolication
0x0000000008f95000 	/System/Library/PrivateFrameworks/Symbolication.framework/Versions/A/Symbolication
0x0000000008f95000 	/System/Library/PrivateFrameworks/AppleFSCompression.framework/Versions/A/AppleFSCompression
0x0000000008f95000 	/System/Library/PrivateFrameworks/SpeechRecognitionCore.framework/Versions/A/SpeechRecognitionCore
0x000000010d400000 	/Library/Java/JavaVirtualMachines/jdk1.8.0_101.jdk/Contents/Home/jre/lib/server/libjvm.dylib
0x0000000008f95000 	/usr/lib/libstdc++.6.0.9.dylib
0x000000010cbd7000 	/Library/Java/JavaVirtualMachines/jdk1.8.0_101.jdk/Contents/Home/jre/lib/libverify.dylib
0x000000010e39d000 	/Library/Java/JavaVirtualMachines/jdk1.8.0_101.jdk/Contents/Home/jre/lib/libjava.dylib
0x000000010cbef000 	/Library/Java/JavaVirtualMachines/jdk1.8.0_101.jdk/Contents/Home/jre/lib/libzip.dylib
0x0000000008f95000 	/System/Library/Frameworks/JavaVM.framework/Versions/A/Frameworks/JavaRuntimeSupport.framework/Versions/A/JavaRuntimeSupport
0x0000000008f95000 	/System/Library/Frameworks/JavaVM.framework/Versions/A/Frameworks/JavaNativeFoundation.framework/Versions/A/JavaNativeFoundation
0x0000000008f95000 	/System/Library/Frameworks/JavaVM.framework/Versions/A/JavaVM
0x0000000008f95000 	/System/Library/Frameworks/Carbon.framework/Versions/A/Carbon
0x0000000008f95000 	/System/Library/PrivateFrameworks/JavaLaunching.framework/Versions/A/JavaLaunching
0x0000000008f95000 	/System/Library/Frameworks/Carbon.framework/Versions/A/Frameworks/CommonPanels.framework/Versions/A/CommonPanels
0x0000000008f95000 	/System/Library/Frameworks/Carbon.framework/Versions/A/Frameworks/Help.framework/Versions/A/Help
0x0000000008f95000 	/System/Library/Frameworks/Carbon.framework/Versions/A/Frameworks/ImageCapture.framework/Versions/A/ImageCapture
0x0000000008f95000 	/System/Library/Frameworks/Carbon.framework/Versions/A/Frameworks/OpenScripting.framework/Versions/A/OpenScripting
0x0000000008f95000 	/System/Library/Frameworks/Carbon.framework/Versions/A/Frameworks/Print.framework/Versions/A/Print
0x0000000008f95000 	/System/Library/Frameworks/Carbon.framework/Versions/A/Frameworks/SecurityHI.framework/Versions/A/SecurityHI
0x00000001257fe000 	/Library/Java/JavaVirtualMachines/jdk1.8.0_101.jdk/Contents/Home/jre/lib/libawt.dylib
0x00000001258a6000 	/Library/Java/JavaVirtualMachines/jdk1.8.0_101.jdk/Contents/Home/jre/lib/./libmlib_image.dylib
0x0000000125972000 	/Library/Java/JavaVirtualMachines/jdk1.8.0_101.jdk/Contents/Home/jre/lib/libawt_lwawt.dylib
0x0000000125a27000 	/Library/Java/JavaVirtualMachines/jdk1.8.0_101.jdk/Contents/Home/jre/lib/./libosxapp.dylib
0x0000000008f95000 	/System/Library/Frameworks/ExceptionHandling.framework/Versions/A/ExceptionHandling
0x0000000008f95000 	/System/Library/PrivateFrameworks/CoreServicesInternal.framework/Versions/A/CoreServicesInternal
0x0000000008f95000 	/System/Library/CoreServices/RawCamera.bundle/Contents/MacOS/RawCamera
0x0000000008f95000 	/System/Library/PrivateFrameworks/MobileAsset.framework/Versions/A/MobileAsset
0x0000000008f95000 	/System/Library/PrivateFrameworks/StreamingZip.framework/Versions/A/StreamingZip
0x0000000008f95000 	/System/Library/Frameworks/MediaToolbox.framework/Versions/A/MediaToolbox
0x0000000008f95000 	/System/Library/PrivateFrameworks/CoreAVCHD.framework/Versions/A/CoreAVCHD
0x0000000008f95000 	/System/Library/Frameworks/MediaAccessibility.framework/Versions/A/MediaAccessibility
0x0000000008f95000 	/System/Library/PrivateFrameworks/Mangrove.framework/Versions/A/Mangrove
0x0000000008f95000 	/System/Library/Frameworks/CoreMedia.framework/Versions/A/CoreMedia
0x0000000008f95000 	/System/Library/Frameworks/VideoToolbox.framework/Versions/A/VideoToolbox
0x0000000008f95000 	/System/Library/PrivateFrameworks/CoreAUC.framework/Versions/A/CoreAUC
0x0000000008f95000 	/usr/lib/libspindump.dylib
0x0000000008f95000 	/System/Library/PrivateFrameworks/AppleVA.framework/Versions/A/AppleVA
0x0000000008f95000 	/System/Library/Frameworks/Accelerate.framework/Versions/A/Frameworks/vImage.framework/Versions/A/Libraries/libCGInterfaces.dylib
0x0000000008f95000 	/System/Library/Frameworks/ApplicationServices.framework/Versions/A/Frameworks/ATS.framework/Versions/A/Resources/libTrueTypeScaler.dylib
0x0000000008f95000 	/System/Library/Extensions/AppleIntelHD5000GraphicsMTLDriver.bundle/Contents/MacOS/AppleIntelHD5000GraphicsMTLDriver
0x0000000008f95000 	/System/Library/PrivateFrameworks/GPUCompiler.framework/Versions/3802/Libraries/libmetal_timestamp.dylib
0x0000000008f95000 	/System/Library/PrivateFrameworks/FamilyControls.framework/Versions/A/FamilyControls
0x0000000008f95000 	/System/Library/PrivateFrameworks/CommerceKit.framework/Versions/A/Frameworks/CommerceCore.framework/Versions/A/CommerceCore
0x0000000008f95000 	/System/Library/PrivateFrameworks/SystemAdministration.framework/Versions/A/SystemAdministration
0x0000000008f95000 	/System/Library/PrivateFrameworks/AppContainer.framework/Versions/A/AppContainer
0x0000000008f95000 	/System/Library/PrivateFrameworks/SecCodeWrapper.framework/Versions/A/SecCodeWrapper
0x0000000008f95000 	/System/Library/PrivateFrameworks/DiskManagement.framework/Versions/A/DiskManagement
0x0000000008f95000 	/System/Library/Frameworks/DirectoryService.framework/Versions/A/DirectoryService
0x0000000008f95000 	/System/Library/PrivateFrameworks/DiskImages.framework/Versions/A/DiskImages
0x0000000008f95000 	/System/Library/PrivateFrameworks/LoginUIKit.framework/Versions/A/Frameworks/LoginUICore.framework/Versions/A/LoginUICore
0x0000000008f95000 	/usr/lib/libCoreStorage.dylib
0x0000000008f95000 	/usr/lib/libcsfde.dylib
0x0000000008f95000 	/usr/lib/libodfde.dylib
0x0000000008f95000 	/System/Library/PrivateFrameworks/MediaKit.framework/Versions/A/MediaKit
0x0000000008f95000 	/System/Library/Frameworks/DiscRecording.framework/Versions/A/DiscRecording
0x0000000008f95000 	/System/Library/PrivateFrameworks/EFILogin.framework/Versions/A/EFILogin
0x0000000008f95000 	/System/Library/PrivateFrameworks/ProtectedCloudStorage.framework/Versions/A/ProtectedCloudStorage
0x0000000008f95000 	/usr/lib/libcurl.4.dylib
0x0000000008f95000 	/usr/lib/libcrypto.35.dylib
0x0000000008f95000 	/usr/lib/libssl.35.dylib
0x0000000008f95000 	/System/Library/Frameworks/LDAP.framework/Versions/A/LDAP
0x0000000008f95000 	/System/Library/PrivateFrameworks/TrustEvaluationAgent.framework/Versions/A/TrustEvaluationAgent
0x0000000008f95000 	/usr/lib/libsasl2.2.dylib
0x0000000008f95000 	/System/Library/PrivateFrameworks/CoreDaemon.framework/Versions/B/CoreDaemon
0x0000000008f95000 	/System/Library/PrivateFrameworks/AppleSRP.framework/Versions/A/AppleSRP
0x0000000127d90000 	/Library/Java/JavaVirtualMachines/jdk1.8.0_101.jdk/Contents/Home/jre/lib/libfontmanager.dylib
0x0000000127bec000 	/Library/Java/JavaVirtualMachines/jdk1.8.0_101.jdk/Contents/Home/jre/lib/libosxui.dylib
0x0000000008f95000 	/System/Library/Frameworks/OpenGL.framework/Versions/A/Resources/GLEngine.bundle/GLEngine
0x0000000008f95000 	/System/Library/Frameworks/OpenGL.framework/Versions/A/Libraries/libGLProgrammability.dylib
0x0000000128ace000 	/System/Library/Extensions/AppleIntelHD5000GraphicsGLDriver.bundle/Contents/MacOS/AppleIntelHD5000GraphicsGLDriver
0x0000000008f95000 	/System/Library/PrivateFrameworks/GPUSupport.framework/Versions/A/Libraries/libGPUSupportMercury.dylib
0x0000000008f95000 	/System/Library/Frameworks/OpenGL.framework/Versions/A/Resources/GLRendererFloat.bundle/GLRendererFloat
0x0000000008f95000 	/System/Library/Frameworks/OpenCL.framework/Versions/A/Libraries/libcldcpuengine.dylib
0x0000000008f95000 	/System/Library/PrivateFrameworks/ViewBridge.framework/Versions/A/ViewBridge
0x000000012a22d000 	/Library/Java/JavaVirtualMachines/jdk1.8.0_101.jdk/Contents/Home/jre/lib/libnet.dylib
0x000000012a244000 	/Library/Java/JavaVirtualMachines/jdk1.8.0_101.jdk/Contents/Home/jre/lib/libnio.dylib

VM Arguments:
jvm_args: -Dfile.encoding=UTF-8 
java_command: org.ggp.base.apps.player.Player
java_class_path (initial): /Library/Java/JavaVirtualMachines/jdk1.8.0_101.jdk/Contents/Home/jre/lib/resources.jar:/Library/Java/JavaVirtualMachines/jdk1.8.0_101.jdk/Contents/Home/jre/lib/rt.jar:/Library/Java/JavaVirtualMachines/jdk1.8.0_101.jdk/Contents/Home/jre/lib/jsse.jar:/Library/Java/JavaVirtualMachines/jdk1.8.0_101.jdk/Contents/Home/jre/lib/jce.jar:/Library/Java/JavaVirtualMachines/jdk1.8.0_101.jdk/Contents/Home/jre/lib/charsets.jar:/Library/Java/JavaVirtualMachines/jdk1.8.0_101.jdk/Contents/Home/jre/lib/jfr.jar:/Library/Java/JavaVirtualMachines/jdk1.8.0_101.jdk/Contents/Home/jre/lib/ext/sunec.jar:/Library/Java/JavaVirtualMachines/jdk1.8.0_101.jdk/Contents/Home/jre/lib/ext/nashorn.jar:/Library/Java/JavaVirtualMachines/jdk1.8.0_101.jdk/Contents/Home/jre/lib/ext/cldrdata.jar:/Library/Java/JavaVirtualMachines/jdk1.8.0_101.jdk/Contents/Home/jre/lib/ext/jfxrt.jar:/Library/Java/JavaVirtualMachines/jdk1.8.0_101.jdk/Contents/Home/jre/lib/ext/dnsns.jar:/Library/Java/JavaVirtualMachines/jdk1.8.0_101.jdk/Contents/Home/jre/lib/ext/localedata.jar:/Library/Java/JavaVirtualMachines/jdk1.8.0_101.jdk/Contents/Home/jre/lib/ext/sunjce_provider.jar:/Library/Java/JavaVirtualMachines/jdk1.8.0_101.jdk/Contents/Home/jre/lib/ext/sunpkcs11.jar:/Library/Java/JavaVirtualMachines/jdk1.8.0_101.jdk/Contents/Home/jre/lib/ext/jaccess.jar:/Library/Java/JavaVirtualMachines/jdk1.8.0_101.jdk/Contents/Home/jre/lib/ext/zipfs.jar:/System/Library/Java/Extensions/MRJToolkit.jar:/Users/Zach/Desktop/ggp-base/bin:/Users/Zach/Desktop/ggp-base/lib/JUnit/junit-4.11.jar:/Users/Zach/Desktop/ggp-base/lib/JUnit/hamcrest-core-1.3.jar:/Users/Zach/Desktop/ggp-base/lib/Guava/guava-14.0.1.jar:/Users/Zach/Desktop/ggp-base/lib/Jython/jython.jar:/Users/Zach/Desktop/ggp-base/lib/Clojure/clojure.jar:/Users/Zach/Desktop/ggp-base/lib/Batik/batik-1.7.jar:/Users/Zach/Desktop/ggp-base/lib/FlyingSaucer/core-renderer.jar:/Users/Zach/Desktop/ggp-base/lib/javassist/javassist.jar:/Users/Zach/Desktop/ggp-base/lib/reflections/refl
Launcher Type: SUN_STANDARD

Environment Variables:
PATH=/usr/bin:/bin:/usr/sbin:/sbin
SHELL=/bin/bash
DISPLAY=/private/tmp/com.apple.launchd.sos9WbdCdY/org.macosforge.xquartz:0

Signal Handlers:
SIGSEGV: [libjvm.dylib+0x5af145], sa_mask[0]=11111111011111110111111111111111, sa_flags=SA_ONSTACK|SA_RESTART|SA_SIGINFO
SIGBUS: [libjvm.dylib+0x5af145], sa_mask[0]=11111111011111110111111111111111, sa_flags=SA_RESTART|SA_SIGINFO
SIGFPE: [libjvm.dylib+0x48694c], sa_mask[0]=11111111011111110111111111111111, sa_flags=SA_RESTART|SA_SIGINFO
SIGPIPE: [libjvm.dylib+0x48694c], sa_mask[0]=11111111011111110111111111111111, sa_flags=SA_RESTART|SA_SIGINFO
SIGXFSZ: [libjvm.dylib+0x48694c], sa_mask[0]=11111111011111110111111111111111, sa_flags=SA_RESTART|SA_SIGINFO
SIGILL: [libjvm.dylib+0x48694c], sa_mask[0]=11111111011111110111111111111111, sa_flags=SA_RESTART|SA_SIGINFO
SIGUSR1: SIG_DFL, sa_mask[0]=00000000000000000000000000000000, sa_flags=none
SIGUSR2: [libjvm.dylib+0x48646a], sa_mask[0]=00100000000000000000000000000000, sa_flags=SA_RESTART|SA_SIGINFO
SIGHUP: [libjvm.dylib+0x484a41], sa_mask[0]=11111111011111110111111111111111, sa_flags=SA_RESTART|SA_SIGINFO
SIGINT: [libjvm.dylib+0x484a41], sa_mask[0]=11111111011111110111111111111111, sa_flags=SA_RESTART|SA_SIGINFO
SIGTERM: [libjvm.dylib+0x484a41], sa_mask[0]=11111111011111110111111111111111, sa_flags=SA_RESTART|SA_SIGINFO
SIGQUIT: [libjvm.dylib+0x484a41], sa_mask[0]=11111111011111110111111111111111, sa_flags=SA_RESTART|SA_SIGINFO


---------------  S Y S T E M  ---------------

OS:Bsduname:Darwin 17.5.0 Darwin Kernel Version 17.5.0: Mon Mar  5 22:24:32 PST 2018; root:xnu-4570.51.1~1/RELEASE_X86_64 x86_64
rlimit: STACK 8192k, CORE 0k, NPROC 709, NOFILE 10240, AS infinity
load average:2.48 2.17 2.21

CPU:total 4 (2 cores per cpu, 2 threads per core) family 6 model 69 stepping 1, cmov, cx8, fxsr, mmx, sse, sse2, sse3, ssse3, sse4.1, sse4.2, popcnt, avx, avx2, aes, clmul, erms, lzcnt, ht, tsc, tscinvbit, bmi1, bmi2

Memory: 4k page, physical 8388608k(52200k free)

/proc/meminfo:


vm_info: Java HotSpot(TM) 64-Bit Server VM (25.101-b13) for bsd-amd64 JRE (1.8.0_101-b13), built on Jun 22 2016 02:42:15 by "java_re" with gcc 4.2.1 (Based on Apple Inc. build 5658) (LLVM build 2336.11.00)

time: Mon Apr 23 23:57:50 2018
elapsed time: 3673 seconds (0d 1h 1m 13s)

