#
# A fatal error has been detected by the Java Runtime Environment:
#
#  SIGSEGV (0xb) at pc=0x00007fff90aa94e8, pid=2917, tid=1811
#
# JRE version: Java(TM) SE Runtime Environment (7.0_75-b13) (build 1.7.0_75-b13)
# Java VM: Java HotSpot(TM) 64-Bit Server VM (24.75-b04 mixed mode bsd-amd64 compressed oops)
# Problematic frame:
# C  [AppKit+0x30a4e8]  +[NSBundle(NSNibLoading) loadNibFile:externalNameTable:withZone:]+0x0
#
# Failed to write core dump. Core dumps have been disabled. To enable core dumping, try "ulimit -c unlimited" before starting Java again
#
# If you would like to submit a bug report, please visit:
#   http://bugreport.sun.com/bugreport/crash.jsp
# The crash happened outside the Java Virtual Machine in native code.
# See problematic frame for where to report the bug.
#

---------------  T H R E A D  ---------------

Current thread (0x00007fd65c017000):  JavaThread "AWT-AppKit" daemon [_thread_in_native, id=1811, stack(0x00007fff5e78a000,0x00007fff5e80a000)]

siginfo:si_signo=SIGSEGV: si_errno=0, si_code=0 (SEGV0), si_addr=0x0000000000000000

Registers:
RAX=0x00007fd65ad1db40, RBX=0x00007fd65ae14d20, RCX=0x00007fd65ad1db40, RDX=0x00007fd65ad3c0b0
RSP=0x00007fff5e8073d8, RBP=0x00007fff5e807420, RSI=0x00007fff91174bba, RDI=0x00007fff771e06f8
R8 =0x0000000000000000, R9 =0x00007fd65ae14d20, R10=0x0000000000000002, R11=0x00007fff90aa94e8
R12=0x00007fff771e06f8, R13=0x00007fff77f54040, R14=0x00007fd65c0171e8, R15=0x00007fd65ad3c0b0
RIP=0x00007fff90aa94e8, EFLAGS=0x0000000000010246, ERR=0x0000000000000000
  TRAPNO=0x000000000000000d

Top of Stack: (sp=0x00007fff5e8073d8)
0x00007fff5e8073d8:   000000010e1cbe01 000000077aee6a70
0x00007fff5e8073e8:   000000077aee68a0 000000077aee68a0
0x00007fff5e8073f8:   00007fd65ae14d20 00007fd65ac007e0
0x00007fff5e807408:   00007fff77f54040 00007fff91157e59
0x00007fff5e807418:   00007fd65b805058 00007fff5e8074a0
0x00007fff5e807428:   00007fff90825921 c3e0000000000000
0x00007fff5e807438:   3ff0000000000000 4330000000000000
0x00007fff5e807448:   4530000000000000 3ff0000000000000
0x00007fff5e807458:   3ff0000000000000 000000077aee6a70
0x00007fff5e807468:   0000000000000062 000000077aee68a0
0x00007fff5e807478:   00007fd65ae14d20 00007fd65ac007e0
0x00007fff5e807488:   00007fff77f54040 000000010e1d1790
0x00007fff5e807498:   000000010e1d17b0 00007fff5e8074d0
0x00007fff5e8074a8:   000000010e1cb346 000000077aee6048
0x00007fff5e8074b8:   00007fd65ad36b00 00007fd65ae14d20
0x00007fff5e8074c8:   00007fd65af12700 00007fff5e807510
0x00007fff5e8074d8:   000000010e1224dd 00007fd65ae01840
0x00007fff5e8074e8:   00007fff8bfbafed 00007fd65ae12ed0
0x00007fff5e8074f8:   0000000000000000 00007fff8dda30c0
0x00007fff5e807508:   00007fd65af127a0 00007fff5e807560
0x00007fff5e807518:   00007fff8fac9d00 00007fd65ad17760
0x00007fff5e807528:   00007fd65af127a0 00007fd65b805038
0x00007fff5e807538:   00007fd65ac00950 00007fd65af12b40
0x00007fff5e807548:   0000000000000c03 00007fd65af12b58
0x00007fff5e807558:   00007fd65ac00788 00007fff5e807570
0x00007fff5e807568:   00007fff94af1a01 00007fff5e8075d0
0x00007fff5e807578:   00007fff94ae3b8d 00007fd65ac00950
0x00007fff5e807588:   00007fd65ac007f0 00007fff5e8075d0
0x00007fff5e807598:   0000000094ae2d2b 00007fd65af12b40
0x00007fff5e8075a8:   00007fd65ac007e0 00007fff5e807680
0x00007fff5e8075b8:   0000000000000c03 00007fd65ac00940
0x00007fff5e8075c8:   00007fd65ac007e0 00007fff5e8082b0 

Instructions: (pc=0x00007fff90aa94e8)
0x00007fff90aa94c8:   90 90 90 90 90 90 90 90 15 b3 08 a0 e6 48 8b 05
0x00007fff90aa94d8:   3c 54 c5 e6 c6 04 03 00 c2 e6 48 8d 15 a7 09 a3
0x00007fff90aa94e8:   e6 4c 89 f7 ff 15 a6 fe 90 90 90 90 90 90 90 90
0x00007fff90aa94f8:   90 90 90 55 48 89 e5 41 48 8b 05 49 4e c5 e6 48 

Register to memory mapping:

RAX=0x00007fd65ad1db40 is an unknown value
RBX=0x00007fd65ae14d20 is an unknown value
RCX=0x00007fd65ad1db40 is an unknown value
RDX=0x00007fd65ad3c0b0 is an unknown value
RSP=0x00007fff5e8073d8 is pointing into the stack for thread: 0x00007fd65c017000
RBP=0x00007fff5e807420 is pointing into the stack for thread: 0x00007fd65c017000
RSI=0x00007fff91174bba: -[NSTitlebarContainerView transparent]+0x32aae in /System/Library/Frameworks/AppKit.framework/Versions/C/AppKit at 0x00007fff9079f000
RDI=0x00007fff771e06f8: OBJC_CLASS_$_NSBundle+0 in /System/Library/Frameworks/Foundation.framework/Versions/C/Foundation at 0x00007fff8fa37000
R8 =0x0000000000000000 is an unknown value
R9 =0x00007fd65ae14d20 is an unknown value
R10=0x0000000000000002 is an unknown value
R11=0x00007fff90aa94e8: +[NSBundle(NSNibLoading) loadNibFile:externalNameTable:withZone:]+0 in /System/Library/Frameworks/AppKit.framework/Versions/C/AppKit at 0x00007fff9079f000
R12=0x00007fff771e06f8: OBJC_CLASS_$_NSBundle+0 in /System/Library/Frameworks/Foundation.framework/Versions/C/Foundation at 0x00007fff8fa37000
R13=0x00007fff77f54040: __block_literal_global43+0xeb80 in /System/Library/Frameworks/CoreFoundation.framework/Versions/A/CoreFoundation at 0x00007fff94a71000
R14=0x00007fd65c0171e8 is an unknown value
R15=0x00007fd65ad3c0b0 is an unknown value


Stack: [0x00007fff5e78a000,0x00007fff5e80a000],  sp=0x00007fff5e8073d8,  free space=500k
Native frames: (J=compiled Java code, j=interpreted, Vv=VM code, C=native code)
C  [AppKit+0x30a4e8]  +[NSBundle(NSNibLoading) loadNibFile:externalNameTable:withZone:]+0x0
C  [AppKit+0x86921]  -[NSApplication run]+0x80
C  [libosxapp.dylib+0x2346]  +[NSApplicationAWT runAWTLoopWithApp:]+0x9c
C  [liblwawt.dylib+0xd4dd]  -[AWTStarter starter:]+0x369
C  [Foundation+0x92d00]  __NSThreadPerformPerform+0x125
C  [CoreFoundation+0x80a01]  __CFRUNLOOP_IS_CALLING_OUT_TO_A_SOURCE0_PERFORM_FUNCTION__+0x11
C  [CoreFoundation+0x72b8d]  __CFRunLoopDoSources0+0x10d
C  [CoreFoundation+0x721bf]  __CFRunLoopRun+0x39f
C  [CoreFoundation+0x71bd8]  CFRunLoopRunSpecific+0x128
C  [java+0x73b0]  CreateExecutionEnvironment+0x367
C  [java+0x1b5c]  JLI_Launch+0x7a0
C  [java+0x770d]  main+0x65
C  [java+0x13b4]  start+0x34


---------------  P R O C E S S  ---------------

Java Threads: ( => current thread )
  0x00007fd65b06b000 JavaThread "AWT-Shutdown" [_thread_blocked, id=27667, stack(0x000000010f991000,0x000000010fa91000)]
=>0x00007fd65c017000 JavaThread "AWT-AppKit" daemon [_thread_in_native, id=1811, stack(0x00007fff5e78a000,0x00007fff5e80a000)]
  0x00007fd65b82c000 JavaThread "Service Thread" daemon [_thread_blocked, id=17667, stack(0x000000010dd5e000,0x000000010de5e000)]
  0x00007fd65b017800 JavaThread "C2 CompilerThread1" daemon [_thread_blocked, id=17155, stack(0x000000010dc5b000,0x000000010dd5b000)]
  0x00007fd65b016000 JavaThread "C2 CompilerThread0" daemon [_thread_blocked, id=16643, stack(0x000000010db58000,0x000000010dc58000)]
  0x00007fd65b015000 JavaThread "Signal Dispatcher" daemon [_thread_blocked, id=13331, stack(0x000000010da55000,0x000000010db55000)]
  0x00007fd65c016000 JavaThread "Finalizer" daemon [_thread_blocked, id=11523, stack(0x000000010c034000,0x000000010c134000)]
  0x00007fd65c015000 JavaThread "Reference Handler" daemon [_thread_blocked, id=11011, stack(0x000000010bf31000,0x000000010c031000)]
  0x00007fd65c007000 JavaThread "main" [_thread_in_native, id=4867, stack(0x0000000102862000,0x0000000102962000)]

Other Threads:
  0x00007fd65c012800 VMThread [stack: 0x000000010be2e000,0x000000010bf2e000] [id=10499]
  0x00007fd65b814800 WatcherThread [stack: 0x000000010de61000,0x000000010df61000] [id=18179]

VM state:not at safepoint (normal execution)

VM Mutex/Monitor currently owned by a thread: None

Heap
 PSYoungGen      total 38912K, used 2703K [0x00000007d5500000, 0x00000007d8000000, 0x0000000800000000)
  eden space 33792K, 8% used [0x00000007d5500000,0x00000007d57a3f20,0x00000007d7600000)
  from space 5120K, 0% used [0x00000007d7b00000,0x00000007d7b00000,0x00000007d8000000)
  to   space 5120K, 0% used [0x00000007d7600000,0x00000007d7600000,0x00000007d7b00000)
 ParOldGen       total 87040K, used 0K [0x0000000780000000, 0x0000000785500000, 0x00000007d5500000)
  object space 87040K, 0% used [0x0000000780000000,0x0000000780000000,0x0000000785500000)
 PSPermGen       total 21504K, used 3462K [0x000000077ae00000, 0x000000077c300000, 0x0000000780000000)
  object space 21504K, 16% used [0x000000077ae00000,0x000000077b161a30,0x000000077c300000)

Card table byte_map: [0x0000000105a24000,0x0000000105e4e000] byte_map_base: 0x0000000101e4d000

Polling page: 0x0000000101548000

Code Cache  [0x0000000102964000, 0x0000000102bd4000, 0x0000000105964000)
 total_blobs=194 nmethods=2 adapters=147 free_code_cache=48762Kb largest_free_block=49923776

Compilation events (4 events):
Event: 0.077 Thread 0x00007fd65b016000    1             java.lang.String::hashCode (55 bytes)
Event: 0.078 Thread 0x00007fd65b017800    2             java.lang.String::indexOf (70 bytes)
Event: 0.083 Thread 0x00007fd65b017800 nmethod 2 0x00000001029c44d0 code [0x00000001029c4620, 0x00000001029c47c8]
Event: 0.083 Thread 0x00007fd65b016000 nmethod 1 0x00000001029c4150 code [0x00000001029c42a0, 0x00000001029c4418]

GC Heap History (0 events):
No events

Deoptimization events (0 events):
No events

Internal exceptions (10 events):
Event: 0.083 Thread 0x00007fd65c007000 Threw 0x00000007d55958e0 at /HUDSON/workspace/7u-2-build-macosx-x86_64/jdk7u75/1940/hotspot/src/share/vm/prims/jvm.cpp:1281
Event: 0.083 Thread 0x00007fd65c007000 Threw 0x00000007d5595a08 at /HUDSON/workspace/7u-2-build-macosx-x86_64/jdk7u75/1940/hotspot/src/share/vm/prims/jvm.cpp:1281
Event: 0.084 Thread 0x00007fd65c007000 Threw 0x00000007d55966a8 at /HUDSON/workspace/7u-2-build-macosx-x86_64/jdk7u75/1940/hotspot/src/share/vm/prims/jni.cpp:717
Event: 0.084 Thread 0x00007fd65c007000 Threw 0x00000007d55967c8 at /HUDSON/workspace/7u-2-build-macosx-x86_64/jdk7u75/1940/hotspot/src/share/vm/prims/jvm.cpp:1281
Event: 0.084 Thread 0x00007fd65c007000 Threw 0x00000007d55968f0 at /HUDSON/workspace/7u-2-build-macosx-x86_64/jdk7u75/1940/hotspot/src/share/vm/prims/jvm.cpp:1281
Event: 0.094 Thread 0x00007fd65c007000 Threw 0x00000007d55a8248 at /HUDSON/workspace/7u-2-build-macosx-x86_64/jdk7u75/1940/hotspot/src/share/vm/prims/jni.cpp:717
Event: 0.094 Thread 0x00007fd65c007000 Threw 0x00000007d55a8368 at /HUDSON/workspace/7u-2-build-macosx-x86_64/jdk7u75/1940/hotspot/src/share/vm/prims/jvm.cpp:1281
Event: 0.094 Thread 0x00007fd65c007000 Threw 0x00000007d55a8490 at /HUDSON/workspace/7u-2-build-macosx-x86_64/jdk7u75/1940/hotspot/src/share/vm/prims/jvm.cpp:1281
Event: 0.094 Thread 0x00007fd65c007000 Threw 0x00000007d55a86e0 at /HUDSON/workspace/7u-2-build-macosx-x86_64/jdk7u75/1940/hotspot/src/share/vm/prims/jvm.cpp:1281
Event: 0.263 Thread 0x00007fd65c007000 Threw 0x00000007d565d3d8 at /HUDSON/workspace/7u-2-build-macosx-x86_64/jdk7u75/1940/hotspot/src/share/vm/prims/jvm.cpp:1281

Events (10 events):
Event: 1.292 loading class 0x00007fd65b846f00
Event: 1.292 loading class 0x00007fd65b846f00 done
Event: 1.292 loading class 0x00007fd65b878f90
Event: 1.292 loading class 0x00007fd65b878f90 done
Event: 1.294 Thread 0x00007fd65c017000 Thread added: 0x00007fd65c017000
Event: 1.332 loading class 0x00007fd65ac175a0
Event: 1.403 loading class 0x00007fd65ac175a0 done
Event: 1.403 loading class 0x000000010abce3c0
Event: 1.403 loading class 0x000000010abce3c0 done
Event: 1.403 Thread 0x00007fd65b06b000 Thread added: 0x00007fd65b06b000


Dynamic libraries:
0x0000000005a29000 	/System/Library/Frameworks/Cocoa.framework/Versions/A/Cocoa
0x0000000005a29000 	/System/Library/Frameworks/Security.framework/Versions/A/Security
0x0000000005a29000 	/System/Library/Frameworks/ApplicationServices.framework/Versions/A/ApplicationServices
0x0000000005a29000 	/usr/lib/libz.1.dylib
0x0000000005a29000 	/usr/lib/libSystem.B.dylib
0x0000000005a29000 	/usr/lib/libobjc.A.dylib
0x0000000005a29000 	/System/Library/Frameworks/CoreFoundation.framework/Versions/A/CoreFoundation
0x0000000005a29000 	/System/Library/Frameworks/Foundation.framework/Versions/C/Foundation
0x0000000005a29000 	/System/Library/Frameworks/AppKit.framework/Versions/C/AppKit
0x0000000005a29000 	/System/Library/Frameworks/CoreData.framework/Versions/A/CoreData
0x0000000005a29000 	/System/Library/PrivateFrameworks/RemoteViewServices.framework/Versions/A/RemoteViewServices
0x0000000005a29000 	/System/Library/PrivateFrameworks/UIFoundation.framework/Versions/A/UIFoundation
0x0000000005a29000 	/System/Library/Frameworks/IOSurface.framework/Versions/A/IOSurface
0x0000000005a29000 	/System/Library/Frameworks/AudioToolbox.framework/Versions/A/AudioToolbox
0x0000000005a29000 	/System/Library/Frameworks/AudioUnit.framework/Versions/A/AudioUnit
0x0000000005a29000 	/System/Library/PrivateFrameworks/DataDetectorsCore.framework/Versions/A/DataDetectorsCore
0x0000000005a29000 	/System/Library/PrivateFrameworks/DesktopServicesPriv.framework/Versions/A/DesktopServicesPriv
0x0000000005a29000 	/System/Library/Frameworks/Carbon.framework/Versions/A/Frameworks/HIToolbox.framework/Versions/A/HIToolbox
0x0000000005a29000 	/System/Library/Frameworks/QuartzCore.framework/Versions/A/QuartzCore
0x0000000005a29000 	/System/Library/Frameworks/Carbon.framework/Versions/A/Frameworks/SpeechRecognition.framework/Versions/A/SpeechRecognition
0x0000000005a29000 	/usr/lib/libauto.dylib
0x0000000005a29000 	/usr/lib/libicucore.A.dylib
0x0000000005a29000 	/usr/lib/libxml2.2.dylib
0x0000000005a29000 	/System/Library/PrivateFrameworks/CoreUI.framework/Versions/A/CoreUI
0x0000000005a29000 	/System/Library/Frameworks/CoreAudio.framework/Versions/A/CoreAudio
0x0000000005a29000 	/System/Library/Frameworks/DiskArbitration.framework/Versions/A/DiskArbitration
0x0000000005a29000 	/usr/lib/liblangid.dylib
0x0000000005a29000 	/System/Library/PrivateFrameworks/MultitouchSupport.framework/Versions/A/MultitouchSupport
0x0000000005a29000 	/System/Library/Frameworks/IOKit.framework/Versions/A/IOKit
0x0000000005a29000 	/usr/lib/libDiagnosticMessagesClient.dylib
0x0000000005a29000 	/System/Library/Frameworks/CoreServices.framework/Versions/A/CoreServices
0x0000000005a29000 	/System/Library/PrivateFrameworks/PerformanceAnalysis.framework/Versions/A/PerformanceAnalysis
0x0000000005a29000 	/System/Library/PrivateFrameworks/GenerationalStorage.framework/Versions/A/GenerationalStorage
0x0000000005a29000 	/System/Library/Frameworks/OpenGL.framework/Versions/A/OpenGL
0x0000000005a29000 	/System/Library/PrivateFrameworks/Sharing.framework/Versions/A/Sharing
0x0000000005a29000 	/System/Library/Frameworks/CoreGraphics.framework/Versions/A/CoreGraphics
0x0000000005a29000 	/System/Library/Frameworks/CoreText.framework/Versions/A/CoreText
0x0000000005a29000 	/System/Library/Frameworks/ImageIO.framework/Versions/A/ImageIO
0x0000000005a29000 	/usr/lib/libextension.dylib
0x0000000005a29000 	/System/Library/PrivateFrameworks/Backup.framework/Versions/A/Backup
0x0000000005a29000 	/usr/lib/libarchive.2.dylib
0x0000000005a29000 	/System/Library/Frameworks/CFNetwork.framework/Versions/A/CFNetwork
0x0000000005a29000 	/System/Library/Frameworks/SystemConfiguration.framework/Versions/A/SystemConfiguration
0x0000000005a29000 	/usr/lib/libCRFSuite.dylib
0x0000000005a29000 	/usr/lib/libc++.1.dylib
0x0000000005a29000 	/usr/lib/libc++abi.dylib
0x0000000005a29000 	/usr/lib/system/libcache.dylib
0x0000000005a29000 	/usr/lib/system/libcommonCrypto.dylib
0x0000000005a29000 	/usr/lib/system/libcompiler_rt.dylib
0x0000000005a29000 	/usr/lib/system/libcopyfile.dylib
0x0000000005a29000 	/usr/lib/system/libcorecrypto.dylib
0x0000000005a29000 	/usr/lib/system/libdispatch.dylib
0x0000000005a29000 	/usr/lib/system/libdyld.dylib
0x0000000005a29000 	/usr/lib/system/libkeymgr.dylib
0x0000000005a29000 	/usr/lib/system/liblaunch.dylib
0x0000000005a29000 	/usr/lib/system/libmacho.dylib
0x0000000005a29000 	/usr/lib/system/libquarantine.dylib
0x0000000005a29000 	/usr/lib/system/libremovefile.dylib
0x0000000005a29000 	/usr/lib/system/libsystem_asl.dylib
0x0000000005a29000 	/usr/lib/system/libsystem_blocks.dylib
0x0000000005a29000 	/usr/lib/system/libsystem_c.dylib
0x0000000005a29000 	/usr/lib/system/libsystem_configuration.dylib
0x0000000005a29000 	/usr/lib/system/libsystem_coreservices.dylib
0x0000000005a29000 	/usr/lib/system/libsystem_coretls.dylib
0x0000000005a29000 	/usr/lib/system/libsystem_dnssd.dylib
0x0000000005a29000 	/usr/lib/system/libsystem_info.dylib
0x0000000005a29000 	/usr/lib/system/libsystem_kernel.dylib
0x0000000005a29000 	/usr/lib/system/libsystem_m.dylib
0x0000000005a29000 	/usr/lib/system/libsystem_malloc.dylib
0x0000000005a29000 	/usr/lib/system/libsystem_network.dylib
0x0000000005a29000 	/usr/lib/system/libsystem_networkextension.dylib
0x0000000005a29000 	/usr/lib/system/libsystem_notify.dylib
0x0000000005a29000 	/usr/lib/system/libsystem_platform.dylib
0x0000000005a29000 	/usr/lib/system/libsystem_pthread.dylib
0x0000000005a29000 	/usr/lib/system/libsystem_sandbox.dylib
0x0000000005a29000 	/usr/lib/system/libsystem_secinit.dylib
0x0000000005a29000 	/usr/lib/system/libsystem_stats.dylib
0x0000000005a29000 	/usr/lib/system/libsystem_trace.dylib
0x0000000005a29000 	/usr/lib/system/libunc.dylib
0x0000000005a29000 	/usr/lib/system/libunwind.dylib
0x0000000005a29000 	/usr/lib/system/libxpc.dylib
0x0000000005a29000 	/usr/lib/libbz2.1.0.dylib
0x0000000005a29000 	/usr/lib/liblzma.5.dylib
0x0000000005a29000 	/usr/lib/libbsm.0.dylib
0x0000000005a29000 	/usr/lib/libsqlite3.dylib
0x0000000005a29000 	/usr/lib/system/libkxld.dylib
0x0000000005a29000 	/usr/lib/libxar.1.dylib
0x0000000005a29000 	/usr/lib/libpam.2.dylib
0x0000000005a29000 	/usr/lib/libOpenScriptingUtil.dylib
0x0000000005a29000 	/System/Library/Frameworks/CoreServices.framework/Versions/A/Frameworks/FSEvents.framework/Versions/A/FSEvents
0x0000000005a29000 	/System/Library/Frameworks/CoreServices.framework/Versions/A/Frameworks/CarbonCore.framework/Versions/A/CarbonCore
0x0000000005a29000 	/System/Library/Frameworks/CoreServices.framework/Versions/A/Frameworks/Metadata.framework/Versions/A/Metadata
0x0000000005a29000 	/System/Library/Frameworks/CoreServices.framework/Versions/A/Frameworks/OSServices.framework/Versions/A/OSServices
0x0000000005a29000 	/System/Library/Frameworks/CoreServices.framework/Versions/A/Frameworks/SearchKit.framework/Versions/A/SearchKit
0x0000000005a29000 	/System/Library/Frameworks/CoreServices.framework/Versions/A/Frameworks/AE.framework/Versions/A/AE
0x0000000005a29000 	/System/Library/Frameworks/CoreServices.framework/Versions/A/Frameworks/LaunchServices.framework/Versions/A/LaunchServices
0x0000000005a29000 	/System/Library/Frameworks/CoreServices.framework/Versions/A/Frameworks/DictionaryServices.framework/Versions/A/DictionaryServices
0x0000000005a29000 	/System/Library/Frameworks/NetFS.framework/Versions/A/NetFS
0x0000000005a29000 	/System/Library/PrivateFrameworks/NetAuth.framework/Versions/A/NetAuth
0x0000000005a29000 	/System/Library/PrivateFrameworks/login.framework/Versions/A/Frameworks/loginsupport.framework/Versions/A/loginsupport
0x0000000005a29000 	/System/Library/PrivateFrameworks/TCC.framework/Versions/A/TCC
0x0000000005a29000 	/usr/lib/libmecabra.dylib
0x0000000005a29000 	/System/Library/Frameworks/ApplicationServices.framework/Versions/A/Frameworks/ATS.framework/Versions/A/ATS
0x0000000005a29000 	/System/Library/Frameworks/ApplicationServices.framework/Versions/A/Frameworks/ColorSync.framework/Versions/A/ColorSync
0x0000000005a29000 	/System/Library/Frameworks/ApplicationServices.framework/Versions/A/Frameworks/HIServices.framework/Versions/A/HIServices
0x0000000005a29000 	/System/Library/Frameworks/ApplicationServices.framework/Versions/A/Frameworks/LangAnalysis.framework/Versions/A/LangAnalysis
0x0000000005a29000 	/System/Library/Frameworks/ApplicationServices.framework/Versions/A/Frameworks/PrintCore.framework/Versions/A/PrintCore
0x0000000005a29000 	/System/Library/Frameworks/ApplicationServices.framework/Versions/A/Frameworks/QD.framework/Versions/A/QD
0x0000000005a29000 	/System/Library/Frameworks/ApplicationServices.framework/Versions/A/Frameworks/SpeechSynthesis.framework/Versions/A/SpeechSynthesis
0x0000000005a29000 	/System/Library/Frameworks/Accelerate.framework/Versions/A/Accelerate
0x0000000005a29000 	/System/Library/Frameworks/Accelerate.framework/Versions/A/Frameworks/vImage.framework/Versions/A/vImage
0x0000000005a29000 	/System/Library/Frameworks/Accelerate.framework/Versions/A/Frameworks/vecLib.framework/Versions/A/vecLib
0x0000000005a29000 	/System/Library/Frameworks/Accelerate.framework/Versions/A/Frameworks/vecLib.framework/Versions/A/libvDSP.dylib
0x0000000005a29000 	/System/Library/Frameworks/Accelerate.framework/Versions/A/Frameworks/vecLib.framework/Versions/A/libvMisc.dylib
0x0000000005a29000 	/System/Library/Frameworks/Accelerate.framework/Versions/A/Frameworks/vecLib.framework/Versions/A/libLAPACK.dylib
0x0000000005a29000 	/System/Library/Frameworks/Accelerate.framework/Versions/A/Frameworks/vecLib.framework/Versions/A/libBLAS.dylib
0x0000000005a29000 	/System/Library/Frameworks/Accelerate.framework/Versions/A/Frameworks/vecLib.framework/Versions/A/libLinearAlgebra.dylib
0x0000000005a29000 	/System/Library/Frameworks/ApplicationServices.framework/Versions/A/Frameworks/ATS.framework/Versions/A/Resources/libFontParser.dylib
0x0000000005a29000 	/System/Library/Frameworks/ApplicationServices.framework/Versions/A/Frameworks/ATS.framework/Versions/A/Resources/libFontRegistry.dylib
0x0000000005a29000 	/System/Library/PrivateFrameworks/AppleVPA.framework/Versions/A/AppleVPA
0x0000000005a29000 	/System/Library/PrivateFrameworks/AppleJPEG.framework/Versions/A/AppleJPEG
0x0000000005a29000 	/System/Library/Frameworks/ImageIO.framework/Versions/A/Resources/libJPEG.dylib
0x0000000005a29000 	/System/Library/Frameworks/ImageIO.framework/Versions/A/Resources/libTIFF.dylib
0x0000000005a29000 	/System/Library/Frameworks/ImageIO.framework/Versions/A/Resources/libPng.dylib
0x0000000005a29000 	/System/Library/Frameworks/ImageIO.framework/Versions/A/Resources/libGIF.dylib
0x0000000005a29000 	/System/Library/Frameworks/ImageIO.framework/Versions/A/Resources/libJP2.dylib
0x0000000005a29000 	/System/Library/Frameworks/ImageIO.framework/Versions/A/Resources/libRadiance.dylib
0x0000000005a29000 	/System/Library/Frameworks/CoreVideo.framework/Versions/A/CoreVideo
0x0000000005a29000 	/System/Library/Frameworks/OpenGL.framework/Versions/A/Libraries/libGLU.dylib
0x0000000005a29000 	/System/Library/Frameworks/OpenGL.framework/Versions/A/Libraries/libGFXShared.dylib
0x0000000005a29000 	/System/Library/Frameworks/OpenGL.framework/Versions/A/Libraries/libGL.dylib
0x0000000005a29000 	/System/Library/Frameworks/OpenGL.framework/Versions/A/Libraries/libGLImage.dylib
0x0000000005a29000 	/System/Library/Frameworks/OpenGL.framework/Versions/A/Libraries/libCVMSPluginSupport.dylib
0x0000000005a29000 	/System/Library/Frameworks/OpenGL.framework/Versions/A/Libraries/libCoreVMClient.dylib
0x0000000005a29000 	/usr/lib/libcups.2.dylib
0x0000000005a29000 	/System/Library/Frameworks/Kerberos.framework/Versions/A/Kerberos
0x0000000005a29000 	/System/Library/Frameworks/GSS.framework/Versions/A/GSS
0x0000000005a29000 	/usr/lib/libresolv.9.dylib
0x0000000005a29000 	/usr/lib/libiconv.2.dylib
0x0000000005a29000 	/System/Library/PrivateFrameworks/Heimdal.framework/Versions/A/Heimdal
0x0000000005a29000 	/usr/lib/libheimdal-asn1.dylib
0x0000000005a29000 	/System/Library/Frameworks/OpenDirectory.framework/Versions/A/OpenDirectory
0x0000000005a29000 	/System/Library/PrivateFrameworks/CommonAuth.framework/Versions/A/CommonAuth
0x0000000005a29000 	/System/Library/Frameworks/OpenDirectory.framework/Versions/A/Frameworks/CFOpenDirectory.framework/Versions/A/CFOpenDirectory
0x0000000005a29000 	/System/Library/Frameworks/SecurityFoundation.framework/Versions/A/SecurityFoundation
0x0000000005a29000 	/System/Library/PrivateFrameworks/LanguageModeling.framework/Versions/A/LanguageModeling
0x0000000005a29000 	/usr/lib/libcmph.dylib
0x0000000005a29000 	/System/Library/Frameworks/ServiceManagement.framework/Versions/A/ServiceManagement
0x0000000005a29000 	/usr/lib/libxslt.1.dylib
0x0000000005a29000 	/System/Library/Frameworks/Carbon.framework/Versions/A/Frameworks/Ink.framework/Versions/A/Ink
0x0000000005a29000 	/System/Library/Frameworks/QuartzCore.framework/Versions/A/Frameworks/CoreImage.framework/Versions/A/CoreImage
0x0000000005a29000 	/System/Library/PrivateFrameworks/CrashReporterSupport.framework/Versions/A/CrashReporterSupport
0x0000000005a29000 	/System/Library/Frameworks/OpenCL.framework/Versions/A/OpenCL
0x0000000005a29000 	/System/Library/PrivateFrameworks/FaceCore.framework/Versions/A/FaceCore
0x0000000005a29000 	/System/Library/PrivateFrameworks/Ubiquity.framework/Versions/A/Ubiquity
0x0000000005a29000 	/System/Library/PrivateFrameworks/IconServices.framework/Versions/A/IconServices
0x0000000005a29000 	/System/Library/PrivateFrameworks/ChunkingLibrary.framework/Versions/A/ChunkingLibrary
0x0000000005a29000 	/System/Library/PrivateFrameworks/Apple80211.framework/Versions/A/Apple80211
0x0000000005a29000 	/System/Library/Frameworks/CoreWLAN.framework/Versions/A/CoreWLAN
0x0000000005a29000 	/System/Library/Frameworks/IOBluetooth.framework/Versions/A/IOBluetooth
0x0000000005a29000 	/System/Library/PrivateFrameworks/CoreWiFi.framework/Versions/A/CoreWiFi
0x0000000005a29000 	/System/Library/Frameworks/CoreBluetooth.framework/Versions/A/CoreBluetooth
0x0000000005a29000 	/System/Library/PrivateFrameworks/DebugSymbols.framework/Versions/A/DebugSymbols
0x0000000005a29000 	/System/Library/PrivateFrameworks/CoreSymbolication.framework/Versions/A/CoreSymbolication
0x0000000005a29000 	/System/Library/PrivateFrameworks/Symbolication.framework/Versions/A/Symbolication
0x0000000005a29000 	/System/Library/PrivateFrameworks/SpeechRecognitionCore.framework/Versions/A/SpeechRecognitionCore
0x0000000101e00000 	/Library/Java/JavaVirtualMachines/jdk1.7.0_75.jdk/Contents/Home/jre/lib/server/libjvm.dylib
0x0000000005a29000 	/usr/lib/libstdc++.6.dylib
0x000000010150b000 	/Library/Java/JavaVirtualMachines/jdk1.7.0_75.jdk/Contents/Home/jre/lib/libverify.dylib
0x0000000101518000 	/Library/Java/JavaVirtualMachines/jdk1.7.0_75.jdk/Contents/Home/jre/lib/libjava.dylib
0x0000000101552000 	/Library/Java/JavaVirtualMachines/jdk1.7.0_75.jdk/Contents/Home/jre/lib/libzip.dylib
0x000000010c136000 	/System/Library/Frameworks/JavaVM.framework/Frameworks/JavaRuntimeSupport.framework/JavaRuntimeSupport
0x000000010c14e000 	/System/Library/Frameworks/JavaVM.framework/Versions/A/Frameworks/JavaNativeFoundation.framework/Versions/A/JavaNativeFoundation
0x000000010c163000 	/System/Library/Frameworks/JavaVM.framework/Versions/A/JavaVM
0x0000000005a29000 	/System/Library/Frameworks/Carbon.framework/Versions/A/Carbon
0x000000010c170000 	/System/Library/PrivateFrameworks/JavaLaunching.framework/Versions/A/JavaLaunching
0x0000000005a29000 	/System/Library/Frameworks/Carbon.framework/Versions/A/Frameworks/CommonPanels.framework/Versions/A/CommonPanels
0x0000000005a29000 	/System/Library/Frameworks/Carbon.framework/Versions/A/Frameworks/Help.framework/Versions/A/Help
0x0000000005a29000 	/System/Library/Frameworks/Carbon.framework/Versions/A/Frameworks/ImageCapture.framework/Versions/A/ImageCapture
0x0000000005a29000 	/System/Library/Frameworks/Carbon.framework/Versions/A/Frameworks/OpenScripting.framework/Versions/A/OpenScripting
0x0000000005a29000 	/System/Library/Frameworks/Carbon.framework/Versions/A/Frameworks/Print.framework/Versions/A/Print
0x0000000005a29000 	/System/Library/Frameworks/Carbon.framework/Versions/A/Frameworks/SecurityHI.framework/Versions/A/SecurityHI
0x000000010df9a000 	/Library/Java/JavaVirtualMachines/jdk1.7.0_75.jdk/Contents/Home/jre/lib/libawt.dylib
0x000000010e049000 	/Library/Java/JavaVirtualMachines/jdk1.7.0_75.jdk/Contents/Home/jre/lib/./libmlib_image.dylib
0x000000010e115000 	/Library/Java/JavaVirtualMachines/jdk1.7.0_75.jdk/Contents/Home/jre/lib/lwawt/liblwawt.dylib
0x000000010e1c9000 	/Library/Java/JavaVirtualMachines/jdk1.7.0_75.jdk/Contents/Home/jre/lib/libosxapp.dylib
0x0000000005a29000 	/System/Library/Frameworks/ExceptionHandling.framework/Versions/A/ExceptionHandling
0x0000000005a29000 	/System/Library/PrivateFrameworks/CoreServicesInternal.framework/Versions/A/CoreServicesInternal
0x0000000005a29000 	/System/Library/PrivateFrameworks/CloudDocs.framework/Versions/A/CloudDocs
0x0000000005a29000 	/System/Library/PrivateFrameworks/CoreDuet.framework/Versions/A/CoreDuet
0x0000000005a29000 	/System/Library/Frameworks/CloudKit.framework/Versions/A/CloudKit
0x0000000005a29000 	/System/Library/PrivateFrameworks/ProtocolBuffer.framework/Versions/A/ProtocolBuffer
0x0000000005a29000 	/System/Library/PrivateFrameworks/CoreDuetDaemonProtocol.framework/Versions/A/CoreDuetDaemonProtocol
0x0000000005a29000 	/System/Library/PrivateFrameworks/CoreDuetDebugLogging.framework/Versions/A/CoreDuetDebugLogging
0x0000000005a29000 	/System/Library/PrivateFrameworks/MMCS.framework/Versions/A/MMCS
0x0000000005a29000 	/System/Library/Frameworks/CoreLocation.framework/Versions/A/CoreLocation
0x0000000005a29000 	/System/Library/PrivateFrameworks/ProtectedCloudStorage.framework/Versions/A/ProtectedCloudStorage
0x0000000005a29000 	/System/Library/PrivateFrameworks/GeoServices.framework/Versions/A/GeoServices
0x0000000005a29000 	/System/Library/Frameworks/CoreGraphics.framework/Versions/A/Resources/libCGCMS.A.dylib

VM Arguments:
jvm_args: -Dfile.encoding=UTF-8 
java_command: org.ggp.base.apps.player.Player
Launcher Type: SUN_STANDARD

Environment Variables:
PATH=/usr/bin:/bin:/usr/sbin:/sbin
SHELL=/bin/bash
DISPLAY=/private/tmp/com.apple.launchd.lMGBmQG43i/org.macosforge.xquartz:0

Signal Handlers:
SIGSEGV: [libjvm.dylib+0x52d20d], sa_mask[0]=0xfffefeff, sa_flags=0x00000043
SIGBUS: [libjvm.dylib+0x52d20d], sa_mask[0]=0xfffefeff, sa_flags=0x00000042
SIGFPE: [libjvm.dylib+0x41ee7a], sa_mask[0]=0xfffefeff, sa_flags=0x00000042
SIGPIPE: [libjvm.dylib+0x41ee7a], sa_mask[0]=0xfffefeff, sa_flags=0x00000042
SIGXFSZ: [libjvm.dylib+0x41ee7a], sa_mask[0]=0xfffefeff, sa_flags=0x00000042
SIGILL: [libjvm.dylib+0x41ee7a], sa_mask[0]=0xfffefeff, sa_flags=0x00000042
SIGUSR1: SIG_DFL, sa_mask[0]=0x00000000, sa_flags=0x00000000
SIGUSR2: [libjvm.dylib+0x41e96c], sa_mask[0]=0x00000004, sa_flags=0x00000042
SIGHUP: [libjvm.dylib+0x41cbfd], sa_mask[0]=0xfffefeff, sa_flags=0x00000042
SIGINT: [libjvm.dylib+0x41cbfd], sa_mask[0]=0xfffefeff, sa_flags=0x00000042
SIGTERM: [libjvm.dylib+0x41cbfd], sa_mask[0]=0xfffefeff, sa_flags=0x00000042
SIGQUIT: [libjvm.dylib+0x41cbfd], sa_mask[0]=0xfffefeff, sa_flags=0x00000042


---------------  S Y S T E M  ---------------

OS:Bsduname:Darwin 14.4.0 Darwin Kernel Version 14.4.0: Thu May 28 11:35:04 PDT 2015; root:xnu-2782.30.5~1/RELEASE_X86_64 x86_64
rlimit: STACK 8192k, CORE 0k, NPROC 709, NOFILE 10240, AS infinity
load average:2.02 7.04 7.12

CPU:total 4 (2 cores per cpu, 2 threads per core) family 6 model 58 stepping 9, cmov, cx8, fxsr, mmx, sse, sse2, sse3, ssse3, sse4.1, sse4.2, popcnt, avx, aes, erms, ht, tsc, tscinvbit, tscinv

Memory: 4k page, physical 8388608k(2097152k free)

/proc/meminfo:


vm_info: Java HotSpot(TM) 64-Bit Server VM (24.75-b04) for bsd-amd64 JRE (1.7.0_75-b13), built on Dec 18 2014 21:48:12 by "java_re" with gcc 4.2.1 (Based on Apple Inc. build 5658) (LLVM build 2336.11.00)

time: Fri Sep 18 11:53:06 2015
elapsed time: 2 seconds

