#
# A fatal error has been detected by the Java Runtime Environment:
#
#  SIGSEGV (0xb) at pc=0x00007fff90aa94e8, pid=2923, tid=1811
#
# JRE version: Java(TM) SE Runtime Environment (7.0_75-b13) (build 1.7.0_75-b13)
# Java VM: Java HotSpot(TM) 64-Bit Server VM (24.75-b04 mixed mode bsd-amd64 compressed oops)
# Problematic frame:
# C  [AppKit+0x30a4e8]  +[NSBundle(NSNibLoading) loadNibFile:externalNameTable:withZone:]+0x0
#
# Failed to write core dump. Core dumps have been disabled. To enable core dumping, try "ulimit -c unlimited" before starting Java again
#
# If you would like to submit a bug report, please visit:
#   http://bugreport.sun.com/bugreport/crash.jsp
# The crash happened outside the Java Virtual Machine in native code.
# See problematic frame for where to report the bug.
#

---------------  T H R E A D  ---------------

Current thread (0x00007f8bea0c2800):  JavaThread "AWT-AppKit" daemon [_thread_in_native, id=1811, stack(0x00007fff5a41c000,0x00007fff5a49c000)]

siginfo:si_signo=SIGSEGV: si_errno=0, si_code=0 (SEGV0), si_addr=0x0000000000000000

Registers:
RAX=0x00007f8be9c103b0, RBX=0x00007f8be9d2a280, RCX=0x00007f8be9c103b0, RDX=0x00007f8be9c103f0
RSP=0x00007fff5a4993d8, RBP=0x00007fff5a499420, RSI=0x00007fff91174bba, RDI=0x00007fff771e06f8
R8 =0x0000000000000000, R9 =0x00007f8be9d2a280, R10=0x0000000000000002, R11=0x00007fff90aa94e8
R12=0x00007fff771e06f8, R13=0x00007fff77f54040, R14=0x00007f8bea0c29e8, R15=0x00007f8be9c103f0
RIP=0x00007fff90aa94e8, EFLAGS=0x0000000000010246, ERR=0x0000000000000000
  TRAPNO=0x000000000000000d

Top of Stack: (sp=0x00007fff5a4993d8)
0x00007fff5a4993d8:   0000000112539e01 000000077aee6a70
0x00007fff5a4993e8:   000000077aee68a0 000000077aee68a0
0x00007fff5a4993f8:   00007f8be9d2a280 00007f8be9e15510
0x00007fff5a499408:   00007fff77f54040 00007fff91157e59
0x00007fff5a499418:   00007f8bea803058 00007fff5a4994a0
0x00007fff5a499428:   00007fff90825921 c3e0000000000000
0x00007fff5a499438:   3ff0000000000000 4330000000000000
0x00007fff5a499448:   4530000000000000 3ff0000000000000
0x00007fff5a499458:   3ff0000000000000 000000077aee6a70
0x00007fff5a499468:   0000000000000062 000000077aee68a0
0x00007fff5a499478:   00007f8be9d2a280 00007f8be9e15510
0x00007fff5a499488:   00007fff77f54040 000000011253f790
0x00007fff5a499498:   000000011253f7b0 00007fff5a4994d0
0x00007fff5a4994a8:   0000000112539346 000000077aee6048
0x00007fff5a4994b8:   00007f8be9f1e700 00007f8be9d2a280
0x00007fff5a4994c8:   00007f8be9f1e000 00007fff5a499510
0x00007fff5a4994d8:   00000001124904dd 00007f8be9d152a0
0x00007fff5a4994e8:   00007fff8bfbafed 00007f8be9f1eac0
0x00007fff5a4994f8:   0000000000000000 00007fff8dda30c0
0x00007fff5a499508:   00007f8be9f1e000 00007fff5a499560
0x00007fff5a499518:   00007fff8fac9d00 00007f8be9e10920
0x00007fff5a499528:   00007f8be9f1e000 00007f8bea803038
0x00007fff5a499538:   00007f8be9e15690 00007f8be9f1ec70
0x00007fff5a499548:   0000000000001603 00007f8be9f1ec88
0x00007fff5a499558:   00007f8be9e15588 00007fff5a499570
0x00007fff5a499568:   00007fff94af1a01 00007fff5a4995d0
0x00007fff5a499578:   00007fff94ae3b8d 00007f8be9e15690
0x00007fff5a499588:   00007f8be9e15520 00007fff5a4995d0
0x00007fff5a499598:   0000000094ae2d2b 00007f8be9f1ec70
0x00007fff5a4995a8:   00007f8be9e15510 00007fff5a499680
0x00007fff5a4995b8:   0000000000001603 00007f8be9e15680
0x00007fff5a4995c8:   00007f8be9e15510 00007fff5a49a2b0 

Instructions: (pc=0x00007fff90aa94e8)
0x00007fff90aa94c8:   90 90 90 90 90 90 90 90 15 b3 08 a0 e6 48 8b 05
0x00007fff90aa94d8:   3c 54 c5 e6 c6 04 03 00 c2 e6 48 8d 15 a7 09 a3
0x00007fff90aa94e8:   e6 4c 89 f7 ff 15 a6 fe 90 90 90 90 90 90 90 90
0x00007fff90aa94f8:   90 90 90 55 48 89 e5 41 48 8b 05 49 4e c5 e6 48 

Register to memory mapping:

RAX=0x00007f8be9c103b0 is an unknown value
RBX=0x00007f8be9d2a280 is an unknown value
RCX=0x00007f8be9c103b0 is an unknown value
RDX=0x00007f8be9c103f0 is an unknown value
RSP=0x00007fff5a4993d8 is pointing into the stack for thread: 0x00007f8bea0c2800
RBP=0x00007fff5a499420 is pointing into the stack for thread: 0x00007f8bea0c2800
RSI=0x00007fff91174bba: -[NSTitlebarContainerView transparent]+0x32aae in /System/Library/Frameworks/AppKit.framework/Versions/C/AppKit at 0x00007fff9079f000
RDI=0x00007fff771e06f8: OBJC_CLASS_$_NSBundle+0 in /System/Library/Frameworks/Foundation.framework/Versions/C/Foundation at 0x00007fff8fa37000
R8 =0x0000000000000000 is an unknown value
R9 =0x00007f8be9d2a280 is an unknown value
R10=0x0000000000000002 is an unknown value
R11=0x00007fff90aa94e8: +[NSBundle(NSNibLoading) loadNibFile:externalNameTable:withZone:]+0 in /System/Library/Frameworks/AppKit.framework/Versions/C/AppKit at 0x00007fff9079f000
R12=0x00007fff771e06f8: OBJC_CLASS_$_NSBundle+0 in /System/Library/Frameworks/Foundation.framework/Versions/C/Foundation at 0x00007fff8fa37000
R13=0x00007fff77f54040: __block_literal_global43+0xeb80 in /System/Library/Frameworks/CoreFoundation.framework/Versions/A/CoreFoundation at 0x00007fff94a71000
R14=0x00007f8bea0c29e8 is an unknown value
R15=0x00007f8be9c103f0 is an unknown value


Stack: [0x00007fff5a41c000,0x00007fff5a49c000],  sp=0x00007fff5a4993d8,  free space=500k
Native frames: (J=compiled Java code, j=interpreted, Vv=VM code, C=native code)
C  [AppKit+0x30a4e8]  +[NSBundle(NSNibLoading) loadNibFile:externalNameTable:withZone:]+0x0
C  [AppKit+0x86921]  -[NSApplication run]+0x80
C  [libosxapp.dylib+0x2346]  +[NSApplicationAWT runAWTLoopWithApp:]+0x9c
C  [liblwawt.dylib+0xd4dd]  -[AWTStarter starter:]+0x369
C  [Foundation+0x92d00]  __NSThreadPerformPerform+0x125
C  [CoreFoundation+0x80a01]  __CFRUNLOOP_IS_CALLING_OUT_TO_A_SOURCE0_PERFORM_FUNCTION__+0x11
C  [CoreFoundation+0x72b8d]  __CFRunLoopDoSources0+0x10d
C  [CoreFoundation+0x721bf]  __CFRunLoopRun+0x39f
C  [CoreFoundation+0x71bd8]  CFRunLoopRunSpecific+0x128
C  [java+0x73b0]  CreateExecutionEnvironment+0x367
C  [java+0x1b5c]  JLI_Launch+0x7a0
C  [java+0x770d]  main+0x65
C  [java+0x13b4]  start+0x34


---------------  P R O C E S S  ---------------

Java Threads: ( => current thread )
  0x00007f8beb896000 JavaThread "AWT-Shutdown" [_thread_blocked, id=28179, stack(0x0000000113cff000,0x0000000113dff000)]
=>0x00007f8bea0c2800 JavaThread "AWT-AppKit" daemon [_thread_in_native, id=1811, stack(0x00007fff5a41c000,0x00007fff5a49c000)]
  0x00007f8beb83b800 JavaThread "Service Thread" daemon [_thread_blocked, id=17667, stack(0x00000001120c7000,0x00000001121c7000)]
  0x00007f8beb83b000 JavaThread "C2 CompilerThread1" daemon [_thread_blocked, id=17155, stack(0x0000000111fc4000,0x00000001120c4000)]
  0x00007f8beb83a000 JavaThread "C2 CompilerThread0" daemon [_thread_blocked, id=16643, stack(0x0000000111ec1000,0x0000000111fc1000)]
  0x00007f8bea02a800 JavaThread "Signal Dispatcher" daemon [_thread_blocked, id=13331, stack(0x0000000111dbe000,0x0000000111ebe000)]
  0x00007f8bea016000 JavaThread "Finalizer" daemon [_thread_blocked, id=11011, stack(0x00000001103b5000,0x00000001104b5000)]
  0x00007f8bea80a000 JavaThread "Reference Handler" daemon [_thread_blocked, id=10499, stack(0x00000001102b2000,0x00000001103b2000)]
  0x00007f8bea005800 JavaThread "main" [_thread_in_native, id=3331, stack(0x00000001062c4000,0x00000001063c4000)]

Other Threads:
  0x00007f8beb023000 VMThread [stack: 0x00000001101af000,0x00000001102af000] [id=9987]
  0x00007f8bea01a000 WatcherThread [stack: 0x00000001121ca000,0x00000001122ca000] [id=18179]

VM state:not at safepoint (normal execution)

VM Mutex/Monitor currently owned by a thread: None

Heap
 PSYoungGen      total 38912K, used 2703K [0x00000007d5500000, 0x00000007d8000000, 0x0000000800000000)
  eden space 33792K, 8% used [0x00000007d5500000,0x00000007d57a3f58,0x00000007d7600000)
  from space 5120K, 0% used [0x00000007d7b00000,0x00000007d7b00000,0x00000007d8000000)
  to   space 5120K, 0% used [0x00000007d7600000,0x00000007d7600000,0x00000007d7b00000)
 ParOldGen       total 87040K, used 0K [0x0000000780000000, 0x0000000785500000, 0x00000007d5500000)
  object space 87040K, 0% used [0x0000000780000000,0x0000000780000000,0x0000000785500000)
 PSPermGen       total 21504K, used 3462K [0x000000077ae00000, 0x000000077c300000, 0x0000000780000000)
  object space 21504K, 16% used [0x000000077ae00000,0x000000077b161a30,0x000000077c300000)

Card table byte_map: [0x0000000109e00000,0x000000010a22a000] byte_map_base: 0x0000000106229000

Polling page: 0x0000000106403000

Code Cache  [0x0000000106e00000, 0x0000000107070000, 0x0000000109e00000)
 total_blobs=194 nmethods=2 adapters=147 free_code_cache=48762Kb largest_free_block=49923776

Compilation events (4 events):
Event: 0.112 Thread 0x00007f8beb83a000    1             java.lang.String::hashCode (55 bytes)
Event: 0.113 Thread 0x00007f8beb83b000    2             java.lang.String::indexOf (70 bytes)
Event: 0.117 Thread 0x00007f8beb83b000 nmethod 2 0x0000000106e604d0 code [0x0000000106e60620, 0x0000000106e607c8]
Event: 0.118 Thread 0x00007f8beb83a000 nmethod 1 0x0000000106e60150 code [0x0000000106e602a0, 0x0000000106e60418]

GC Heap History (0 events):
No events

Deoptimization events (0 events):
No events

Internal exceptions (10 events):
Event: 0.117 Thread 0x00007f8bea005800 Threw 0x00000007d55956c8 at /HUDSON/workspace/7u-2-build-macosx-x86_64/jdk7u75/1940/hotspot/src/share/vm/prims/jvm.cpp:1281
Event: 0.117 Thread 0x00007f8bea005800 Threw 0x00000007d55957f0 at /HUDSON/workspace/7u-2-build-macosx-x86_64/jdk7u75/1940/hotspot/src/share/vm/prims/jvm.cpp:1281
Event: 0.118 Thread 0x00007f8bea005800 Threw 0x00000007d5596490 at /HUDSON/workspace/7u-2-build-macosx-x86_64/jdk7u75/1940/hotspot/src/share/vm/prims/jni.cpp:717
Event: 0.118 Thread 0x00007f8bea005800 Threw 0x00000007d55965b0 at /HUDSON/workspace/7u-2-build-macosx-x86_64/jdk7u75/1940/hotspot/src/share/vm/prims/jvm.cpp:1281
Event: 0.118 Thread 0x00007f8bea005800 Threw 0x00000007d55966d8 at /HUDSON/workspace/7u-2-build-macosx-x86_64/jdk7u75/1940/hotspot/src/share/vm/prims/jvm.cpp:1281
Event: 0.119 Thread 0x00007f8bea005800 Threw 0x00000007d55a8030 at /HUDSON/workspace/7u-2-build-macosx-x86_64/jdk7u75/1940/hotspot/src/share/vm/prims/jni.cpp:717
Event: 0.119 Thread 0x00007f8bea005800 Threw 0x00000007d55a8150 at /HUDSON/workspace/7u-2-build-macosx-x86_64/jdk7u75/1940/hotspot/src/share/vm/prims/jvm.cpp:1281
Event: 0.119 Thread 0x00007f8bea005800 Threw 0x00000007d55a8278 at /HUDSON/workspace/7u-2-build-macosx-x86_64/jdk7u75/1940/hotspot/src/share/vm/prims/jvm.cpp:1281
Event: 0.119 Thread 0x00007f8bea005800 Threw 0x00000007d55a84c8 at /HUDSON/workspace/7u-2-build-macosx-x86_64/jdk7u75/1940/hotspot/src/share/vm/prims/jvm.cpp:1281
Event: 0.126 Thread 0x00007f8bea005800 Threw 0x00000007d565d1a8 at /HUDSON/workspace/7u-2-build-macosx-x86_64/jdk7u75/1940/hotspot/src/share/vm/prims/jvm.cpp:1281

Events (10 events):
Event: 0.132 loading class 0x00007f8bea043300
Event: 0.132 loading class 0x00007f8bea043300 done
Event: 0.132 loading class 0x00007f8bea827590
Event: 0.132 loading class 0x00007f8bea827590 done
Event: 0.135 Thread 0x00007f8bea0c2800 Thread added: 0x00007f8bea0c2800
Event: 0.170 loading class 0x00007f8be9f2d0f0
Event: 0.170 loading class 0x00007f8be9f2d0f0 done
Event: 0.170 loading class 0x00000001065793c0
Event: 0.170 loading class 0x00000001065793c0 done
Event: 0.170 Thread 0x00007f8beb896000 Thread added: 0x00007f8beb896000


Dynamic libraries:
0x0000000005a29000 	/System/Library/Frameworks/Cocoa.framework/Versions/A/Cocoa
0x0000000005a29000 	/System/Library/Frameworks/Security.framework/Versions/A/Security
0x0000000005a29000 	/System/Library/Frameworks/ApplicationServices.framework/Versions/A/ApplicationServices
0x0000000005a29000 	/usr/lib/libz.1.dylib
0x0000000005a29000 	/usr/lib/libSystem.B.dylib
0x0000000005a29000 	/usr/lib/libobjc.A.dylib
0x0000000005a29000 	/System/Library/Frameworks/CoreFoundation.framework/Versions/A/CoreFoundation
0x0000000005a29000 	/System/Library/Frameworks/Foundation.framework/Versions/C/Foundation
0x0000000005a29000 	/System/Library/Frameworks/AppKit.framework/Versions/C/AppKit
0x0000000005a29000 	/System/Library/Frameworks/CoreData.framework/Versions/A/CoreData
0x0000000005a29000 	/System/Library/PrivateFrameworks/RemoteViewServices.framework/Versions/A/RemoteViewServices
0x0000000005a29000 	/System/Library/PrivateFrameworks/UIFoundation.framework/Versions/A/UIFoundation
0x0000000005a29000 	/System/Library/Frameworks/IOSurface.framework/Versions/A/IOSurface
0x0000000005a29000 	/System/Library/Frameworks/AudioToolbox.framework/Versions/A/AudioToolbox
0x0000000005a29000 	/System/Library/Frameworks/AudioUnit.framework/Versions/A/AudioUnit
0x0000000005a29000 	/System/Library/PrivateFrameworks/DataDetectorsCore.framework/Versions/A/DataDetectorsCore
0x0000000005a29000 	/System/Library/PrivateFrameworks/DesktopServicesPriv.framework/Versions/A/DesktopServicesPriv
0x0000000005a29000 	/System/Library/Frameworks/Carbon.framework/Versions/A/Frameworks/HIToolbox.framework/Versions/A/HIToolbox
0x0000000005a29000 	/System/Library/Frameworks/QuartzCore.framework/Versions/A/QuartzCore
0x0000000005a29000 	/System/Library/Frameworks/Carbon.framework/Versions/A/Frameworks/SpeechRecognition.framework/Versions/A/SpeechRecognition
0x0000000005a29000 	/usr/lib/libauto.dylib
0x0000000005a29000 	/usr/lib/libicucore.A.dylib
0x0000000005a29000 	/usr/lib/libxml2.2.dylib
0x0000000005a29000 	/System/Library/PrivateFrameworks/CoreUI.framework/Versions/A/CoreUI
0x0000000005a29000 	/System/Library/Frameworks/CoreAudio.framework/Versions/A/CoreAudio
0x0000000005a29000 	/System/Library/Frameworks/DiskArbitration.framework/Versions/A/DiskArbitration
0x0000000005a29000 	/usr/lib/liblangid.dylib
0x0000000005a29000 	/System/Library/PrivateFrameworks/MultitouchSupport.framework/Versions/A/MultitouchSupport
0x0000000005a29000 	/System/Library/Frameworks/IOKit.framework/Versions/A/IOKit
0x0000000005a29000 	/usr/lib/libDiagnosticMessagesClient.dylib
0x0000000005a29000 	/System/Library/Frameworks/CoreServices.framework/Versions/A/CoreServices
0x0000000005a29000 	/System/Library/PrivateFrameworks/PerformanceAnalysis.framework/Versions/A/PerformanceAnalysis
0x0000000005a29000 	/System/Library/PrivateFrameworks/GenerationalStorage.framework/Versions/A/GenerationalStorage
0x0000000005a29000 	/System/Library/Frameworks/OpenGL.framework/Versions/A/OpenGL
0x0000000005a29000 	/System/Library/PrivateFrameworks/Sharing.framework/Versions/A/Sharing
0x0000000005a29000 	/System/Library/Frameworks/CoreGraphics.framework/Versions/A/CoreGraphics
0x0000000005a29000 	/System/Library/Frameworks/CoreText.framework/Versions/A/CoreText
0x0000000005a29000 	/System/Library/Frameworks/ImageIO.framework/Versions/A/ImageIO
0x0000000005a29000 	/usr/lib/libextension.dylib
0x0000000005a29000 	/System/Library/PrivateFrameworks/Backup.framework/Versions/A/Backup
0x0000000005a29000 	/usr/lib/libarchive.2.dylib
0x0000000005a29000 	/System/Library/Frameworks/CFNetwork.framework/Versions/A/CFNetwork
0x0000000005a29000 	/System/Library/Frameworks/SystemConfiguration.framework/Versions/A/SystemConfiguration
0x0000000005a29000 	/usr/lib/libCRFSuite.dylib
0x0000000005a29000 	/usr/lib/libc++.1.dylib
0x0000000005a29000 	/usr/lib/libc++abi.dylib
0x0000000005a29000 	/usr/lib/system/libcache.dylib
0x0000000005a29000 	/usr/lib/system/libcommonCrypto.dylib
0x0000000005a29000 	/usr/lib/system/libcompiler_rt.dylib
0x0000000005a29000 	/usr/lib/system/libcopyfile.dylib
0x0000000005a29000 	/usr/lib/system/libcorecrypto.dylib
0x0000000005a29000 	/usr/lib/system/libdispatch.dylib
0x0000000005a29000 	/usr/lib/system/libdyld.dylib
0x0000000005a29000 	/usr/lib/system/libkeymgr.dylib
0x0000000005a29000 	/usr/lib/system/liblaunch.dylib
0x0000000005a29000 	/usr/lib/system/libmacho.dylib
0x0000000005a29000 	/usr/lib/system/libquarantine.dylib
0x0000000005a29000 	/usr/lib/system/libremovefile.dylib
0x0000000005a29000 	/usr/lib/system/libsystem_asl.dylib
0x0000000005a29000 	/usr/lib/system/libsystem_blocks.dylib
0x0000000005a29000 	/usr/lib/system/libsystem_c.dylib
0x0000000005a29000 	/usr/lib/system/libsystem_configuration.dylib
0x0000000005a29000 	/usr/lib/system/libsystem_coreservices.dylib
0x0000000005a29000 	/usr/lib/system/libsystem_coretls.dylib
0x0000000005a29000 	/usr/lib/system/libsystem_dnssd.dylib
0x0000000005a29000 	/usr/lib/system/libsystem_info.dylib
0x0000000005a29000 	/usr/lib/system/libsystem_kernel.dylib
0x0000000005a29000 	/usr/lib/system/libsystem_m.dylib
0x0000000005a29000 	/usr/lib/system/libsystem_malloc.dylib
0x0000000005a29000 	/usr/lib/system/libsystem_network.dylib
0x0000000005a29000 	/usr/lib/system/libsystem_networkextension.dylib
0x0000000005a29000 	/usr/lib/system/libsystem_notify.dylib
0x0000000005a29000 	/usr/lib/system/libsystem_platform.dylib
0x0000000005a29000 	/usr/lib/system/libsystem_pthread.dylib
0x0000000005a29000 	/usr/lib/system/libsystem_sandbox.dylib
0x0000000005a29000 	/usr/lib/system/libsystem_secinit.dylib
0x0000000005a29000 	/usr/lib/system/libsystem_stats.dylib
0x0000000005a29000 	/usr/lib/system/libsystem_trace.dylib
0x0000000005a29000 	/usr/lib/system/libunc.dylib
0x0000000005a29000 	/usr/lib/system/libunwind.dylib
0x0000000005a29000 	/usr/lib/system/libxpc.dylib
0x0000000005a29000 	/usr/lib/libbz2.1.0.dylib
0x0000000005a29000 	/usr/lib/liblzma.5.dylib
0x0000000005a29000 	/usr/lib/libbsm.0.dylib
0x0000000005a29000 	/usr/lib/libsqlite3.dylib
0x0000000005a29000 	/usr/lib/system/libkxld.dylib
0x0000000005a29000 	/usr/lib/libxar.1.dylib
0x0000000005a29000 	/usr/lib/libpam.2.dylib
0x0000000005a29000 	/usr/lib/libOpenScriptingUtil.dylib
0x0000000005a29000 	/System/Library/Frameworks/CoreServices.framework/Versions/A/Frameworks/FSEvents.framework/Versions/A/FSEvents
0x0000000005a29000 	/System/Library/Frameworks/CoreServices.framework/Versions/A/Frameworks/CarbonCore.framework/Versions/A/CarbonCore
0x0000000005a29000 	/System/Library/Frameworks/CoreServices.framework/Versions/A/Frameworks/Metadata.framework/Versions/A/Metadata
0x0000000005a29000 	/System/Library/Frameworks/CoreServices.framework/Versions/A/Frameworks/OSServices.framework/Versions/A/OSServices
0x0000000005a29000 	/System/Library/Frameworks/CoreServices.framework/Versions/A/Frameworks/SearchKit.framework/Versions/A/SearchKit
0x0000000005a29000 	/System/Library/Frameworks/CoreServices.framework/Versions/A/Frameworks/AE.framework/Versions/A/AE
0x0000000005a29000 	/System/Library/Frameworks/CoreServices.framework/Versions/A/Frameworks/LaunchServices.framework/Versions/A/LaunchServices
0x0000000005a29000 	/System/Library/Frameworks/CoreServices.framework/Versions/A/Frameworks/DictionaryServices.framework/Versions/A/DictionaryServices
0x0000000005a29000 	/System/Library/Frameworks/NetFS.framework/Versions/A/NetFS
0x0000000005a29000 	/System/Library/PrivateFrameworks/NetAuth.framework/Versions/A/NetAuth
0x0000000005a29000 	/System/Library/PrivateFrameworks/login.framework/Versions/A/Frameworks/loginsupport.framework/Versions/A/loginsupport
0x0000000005a29000 	/System/Library/PrivateFrameworks/TCC.framework/Versions/A/TCC
0x0000000005a29000 	/usr/lib/libmecabra.dylib
0x0000000005a29000 	/System/Library/Frameworks/ApplicationServices.framework/Versions/A/Frameworks/ATS.framework/Versions/A/ATS
0x0000000005a29000 	/System/Library/Frameworks/ApplicationServices.framework/Versions/A/Frameworks/ColorSync.framework/Versions/A/ColorSync
0x0000000005a29000 	/System/Library/Frameworks/ApplicationServices.framework/Versions/A/Frameworks/HIServices.framework/Versions/A/HIServices
0x0000000005a29000 	/System/Library/Frameworks/ApplicationServices.framework/Versions/A/Frameworks/LangAnalysis.framework/Versions/A/LangAnalysis
0x0000000005a29000 	/System/Library/Frameworks/ApplicationServices.framework/Versions/A/Frameworks/PrintCore.framework/Versions/A/PrintCore
0x0000000005a29000 	/System/Library/Frameworks/ApplicationServices.framework/Versions/A/Frameworks/QD.framework/Versions/A/QD
0x0000000005a29000 	/System/Library/Frameworks/ApplicationServices.framework/Versions/A/Frameworks/SpeechSynthesis.framework/Versions/A/SpeechSynthesis
0x0000000005a29000 	/System/Library/Frameworks/Accelerate.framework/Versions/A/Accelerate
0x0000000005a29000 	/System/Library/Frameworks/Accelerate.framework/Versions/A/Frameworks/vImage.framework/Versions/A/vImage
0x0000000005a29000 	/System/Library/Frameworks/Accelerate.framework/Versions/A/Frameworks/vecLib.framework/Versions/A/vecLib
0x0000000005a29000 	/System/Library/Frameworks/Accelerate.framework/Versions/A/Frameworks/vecLib.framework/Versions/A/libvDSP.dylib
0x0000000005a29000 	/System/Library/Frameworks/Accelerate.framework/Versions/A/Frameworks/vecLib.framework/Versions/A/libvMisc.dylib
0x0000000005a29000 	/System/Library/Frameworks/Accelerate.framework/Versions/A/Frameworks/vecLib.framework/Versions/A/libLAPACK.dylib
0x0000000005a29000 	/System/Library/Frameworks/Accelerate.framework/Versions/A/Frameworks/vecLib.framework/Versions/A/libBLAS.dylib
0x0000000005a29000 	/System/Library/Frameworks/Accelerate.framework/Versions/A/Frameworks/vecLib.framework/Versions/A/libLinearAlgebra.dylib
0x0000000005a29000 	/System/Library/Frameworks/ApplicationServices.framework/Versions/A/Frameworks/ATS.framework/Versions/A/Resources/libFontParser.dylib
0x0000000005a29000 	/System/Library/Frameworks/ApplicationServices.framework/Versions/A/Frameworks/ATS.framework/Versions/A/Resources/libFontRegistry.dylib
0x0000000005a29000 	/System/Library/PrivateFrameworks/AppleVPA.framework/Versions/A/AppleVPA
0x0000000005a29000 	/System/Library/PrivateFrameworks/AppleJPEG.framework/Versions/A/AppleJPEG
0x0000000005a29000 	/System/Library/Frameworks/ImageIO.framework/Versions/A/Resources/libJPEG.dylib
0x0000000005a29000 	/System/Library/Frameworks/ImageIO.framework/Versions/A/Resources/libTIFF.dylib
0x0000000005a29000 	/System/Library/Frameworks/ImageIO.framework/Versions/A/Resources/libPng.dylib
0x0000000005a29000 	/System/Library/Frameworks/ImageIO.framework/Versions/A/Resources/libGIF.dylib
0x0000000005a29000 	/System/Library/Frameworks/ImageIO.framework/Versions/A/Resources/libJP2.dylib
0x0000000005a29000 	/System/Library/Frameworks/ImageIO.framework/Versions/A/Resources/libRadiance.dylib
0x0000000005a29000 	/System/Library/Frameworks/CoreVideo.framework/Versions/A/CoreVideo
0x0000000005a29000 	/System/Library/Frameworks/OpenGL.framework/Versions/A/Libraries/libGLU.dylib
0x0000000005a29000 	/System/Library/Frameworks/OpenGL.framework/Versions/A/Libraries/libGFXShared.dylib
0x0000000005a29000 	/System/Library/Frameworks/OpenGL.framework/Versions/A/Libraries/libGL.dylib
0x0000000005a29000 	/System/Library/Frameworks/OpenGL.framework/Versions/A/Libraries/libGLImage.dylib
0x0000000005a29000 	/System/Library/Frameworks/OpenGL.framework/Versions/A/Libraries/libCVMSPluginSupport.dylib
0x0000000005a29000 	/System/Library/Frameworks/OpenGL.framework/Versions/A/Libraries/libCoreVMClient.dylib
0x0000000005a29000 	/usr/lib/libcups.2.dylib
0x0000000005a29000 	/System/Library/Frameworks/Kerberos.framework/Versions/A/Kerberos
0x0000000005a29000 	/System/Library/Frameworks/GSS.framework/Versions/A/GSS
0x0000000005a29000 	/usr/lib/libresolv.9.dylib
0x0000000005a29000 	/usr/lib/libiconv.2.dylib
0x0000000005a29000 	/System/Library/PrivateFrameworks/Heimdal.framework/Versions/A/Heimdal
0x0000000005a29000 	/usr/lib/libheimdal-asn1.dylib
0x0000000005a29000 	/System/Library/Frameworks/OpenDirectory.framework/Versions/A/OpenDirectory
0x0000000005a29000 	/System/Library/PrivateFrameworks/CommonAuth.framework/Versions/A/CommonAuth
0x0000000005a29000 	/System/Library/Frameworks/OpenDirectory.framework/Versions/A/Frameworks/CFOpenDirectory.framework/Versions/A/CFOpenDirectory
0x0000000005a29000 	/System/Library/Frameworks/SecurityFoundation.framework/Versions/A/SecurityFoundation
0x0000000005a29000 	/System/Library/PrivateFrameworks/LanguageModeling.framework/Versions/A/LanguageModeling
0x0000000005a29000 	/usr/lib/libcmph.dylib
0x0000000005a29000 	/System/Library/Frameworks/ServiceManagement.framework/Versions/A/ServiceManagement
0x0000000005a29000 	/usr/lib/libxslt.1.dylib
0x0000000005a29000 	/System/Library/Frameworks/Carbon.framework/Versions/A/Frameworks/Ink.framework/Versions/A/Ink
0x0000000005a29000 	/System/Library/Frameworks/QuartzCore.framework/Versions/A/Frameworks/CoreImage.framework/Versions/A/CoreImage
0x0000000005a29000 	/System/Library/PrivateFrameworks/CrashReporterSupport.framework/Versions/A/CrashReporterSupport
0x0000000005a29000 	/System/Library/Frameworks/OpenCL.framework/Versions/A/OpenCL
0x0000000005a29000 	/System/Library/PrivateFrameworks/FaceCore.framework/Versions/A/FaceCore
0x0000000005a29000 	/System/Library/PrivateFrameworks/Ubiquity.framework/Versions/A/Ubiquity
0x0000000005a29000 	/System/Library/PrivateFrameworks/IconServices.framework/Versions/A/IconServices
0x0000000005a29000 	/System/Library/PrivateFrameworks/ChunkingLibrary.framework/Versions/A/ChunkingLibrary
0x0000000005a29000 	/System/Library/PrivateFrameworks/Apple80211.framework/Versions/A/Apple80211
0x0000000005a29000 	/System/Library/Frameworks/CoreWLAN.framework/Versions/A/CoreWLAN
0x0000000005a29000 	/System/Library/Frameworks/IOBluetooth.framework/Versions/A/IOBluetooth
0x0000000005a29000 	/System/Library/PrivateFrameworks/CoreWiFi.framework/Versions/A/CoreWiFi
0x0000000005a29000 	/System/Library/Frameworks/CoreBluetooth.framework/Versions/A/CoreBluetooth
0x0000000005a29000 	/System/Library/PrivateFrameworks/DebugSymbols.framework/Versions/A/DebugSymbols
0x0000000005a29000 	/System/Library/PrivateFrameworks/CoreSymbolication.framework/Versions/A/CoreSymbolication
0x0000000005a29000 	/System/Library/PrivateFrameworks/Symbolication.framework/Versions/A/Symbolication
0x0000000005a29000 	/System/Library/PrivateFrameworks/SpeechRecognitionCore.framework/Versions/A/SpeechRecognitionCore
0x0000000105862000 	/Library/Java/JavaVirtualMachines/jdk1.7.0_75.jdk/Contents/Home/jre/lib/server/libjvm.dylib
0x0000000005a29000 	/usr/lib/libstdc++.6.dylib
0x00000001063c6000 	/Library/Java/JavaVirtualMachines/jdk1.7.0_75.jdk/Contents/Home/jre/lib/libverify.dylib
0x00000001063d3000 	/Library/Java/JavaVirtualMachines/jdk1.7.0_75.jdk/Contents/Home/jre/lib/libjava.dylib
0x0000000106424000 	/Library/Java/JavaVirtualMachines/jdk1.7.0_75.jdk/Contents/Home/jre/lib/libzip.dylib
0x00000001065e4000 	/System/Library/Frameworks/JavaVM.framework/Frameworks/JavaRuntimeSupport.framework/JavaRuntimeSupport
0x00000001104b7000 	/System/Library/Frameworks/JavaVM.framework/Versions/A/Frameworks/JavaNativeFoundation.framework/Versions/A/JavaNativeFoundation
0x00000001104cc000 	/System/Library/Frameworks/JavaVM.framework/Versions/A/JavaVM
0x0000000005a29000 	/System/Library/Frameworks/Carbon.framework/Versions/A/Carbon
0x00000001104d9000 	/System/Library/PrivateFrameworks/JavaLaunching.framework/Versions/A/JavaLaunching
0x0000000005a29000 	/System/Library/Frameworks/Carbon.framework/Versions/A/Frameworks/CommonPanels.framework/Versions/A/CommonPanels
0x0000000005a29000 	/System/Library/Frameworks/Carbon.framework/Versions/A/Frameworks/Help.framework/Versions/A/Help
0x0000000005a29000 	/System/Library/Frameworks/Carbon.framework/Versions/A/Frameworks/ImageCapture.framework/Versions/A/ImageCapture
0x0000000005a29000 	/System/Library/Frameworks/Carbon.framework/Versions/A/Frameworks/OpenScripting.framework/Versions/A/OpenScripting
0x0000000005a29000 	/System/Library/Frameworks/Carbon.framework/Versions/A/Frameworks/Print.framework/Versions/A/Print
0x0000000005a29000 	/System/Library/Frameworks/Carbon.framework/Versions/A/Frameworks/SecurityHI.framework/Versions/A/SecurityHI
0x0000000112308000 	/Library/Java/JavaVirtualMachines/jdk1.7.0_75.jdk/Contents/Home/jre/lib/libawt.dylib
0x00000001123b7000 	/Library/Java/JavaVirtualMachines/jdk1.7.0_75.jdk/Contents/Home/jre/lib/./libmlib_image.dylib
0x0000000112483000 	/Library/Java/JavaVirtualMachines/jdk1.7.0_75.jdk/Contents/Home/jre/lib/lwawt/liblwawt.dylib
0x0000000112537000 	/Library/Java/JavaVirtualMachines/jdk1.7.0_75.jdk/Contents/Home/jre/lib/libosxapp.dylib
0x0000000005a29000 	/System/Library/Frameworks/ExceptionHandling.framework/Versions/A/ExceptionHandling
0x0000000005a29000 	/System/Library/PrivateFrameworks/CoreServicesInternal.framework/Versions/A/CoreServicesInternal
0x0000000005a29000 	/System/Library/PrivateFrameworks/CloudDocs.framework/Versions/A/CloudDocs
0x0000000005a29000 	/System/Library/PrivateFrameworks/CoreDuet.framework/Versions/A/CoreDuet
0x0000000005a29000 	/System/Library/Frameworks/CloudKit.framework/Versions/A/CloudKit
0x0000000005a29000 	/System/Library/PrivateFrameworks/ProtocolBuffer.framework/Versions/A/ProtocolBuffer
0x0000000005a29000 	/System/Library/PrivateFrameworks/CoreDuetDaemonProtocol.framework/Versions/A/CoreDuetDaemonProtocol
0x0000000005a29000 	/System/Library/PrivateFrameworks/CoreDuetDebugLogging.framework/Versions/A/CoreDuetDebugLogging
0x0000000005a29000 	/System/Library/PrivateFrameworks/MMCS.framework/Versions/A/MMCS
0x0000000005a29000 	/System/Library/Frameworks/CoreLocation.framework/Versions/A/CoreLocation
0x0000000005a29000 	/System/Library/PrivateFrameworks/ProtectedCloudStorage.framework/Versions/A/ProtectedCloudStorage
0x0000000005a29000 	/System/Library/PrivateFrameworks/GeoServices.framework/Versions/A/GeoServices
0x0000000005a29000 	/System/Library/Frameworks/CoreGraphics.framework/Versions/A/Resources/libCGCMS.A.dylib

VM Arguments:
jvm_args: -Dfile.encoding=UTF-8 
java_command: org.ggp.base.apps.player.Player
Launcher Type: SUN_STANDARD

Environment Variables:
PATH=/usr/bin:/bin:/usr/sbin:/sbin
SHELL=/bin/bash
DISPLAY=/private/tmp/com.apple.launchd.lMGBmQG43i/org.macosforge.xquartz:0

Signal Handlers:
SIGSEGV: [libjvm.dylib+0x52d20d], sa_mask[0]=0xfffefeff, sa_flags=0x00000043
SIGBUS: [libjvm.dylib+0x52d20d], sa_mask[0]=0xfffefeff, sa_flags=0x00000042
SIGFPE: [libjvm.dylib+0x41ee7a], sa_mask[0]=0xfffefeff, sa_flags=0x00000042
SIGPIPE: [libjvm.dylib+0x41ee7a], sa_mask[0]=0xfffefeff, sa_flags=0x00000042
SIGXFSZ: [libjvm.dylib+0x41ee7a], sa_mask[0]=0xfffefeff, sa_flags=0x00000042
SIGILL: [libjvm.dylib+0x41ee7a], sa_mask[0]=0xfffefeff, sa_flags=0x00000042
SIGUSR1: SIG_DFL, sa_mask[0]=0x00000000, sa_flags=0x00000000
SIGUSR2: [libjvm.dylib+0x41e96c], sa_mask[0]=0x00000004, sa_flags=0x00000042
SIGHUP: [libjvm.dylib+0x41cbfd], sa_mask[0]=0xfffefeff, sa_flags=0x00000042
SIGINT: [libjvm.dylib+0x41cbfd], sa_mask[0]=0xfffefeff, sa_flags=0x00000042
SIGTERM: [libjvm.dylib+0x41cbfd], sa_mask[0]=0xfffefeff, sa_flags=0x00000042
SIGQUIT: [libjvm.dylib+0x41cbfd], sa_mask[0]=0xfffefeff, sa_flags=0x00000042


---------------  S Y S T E M  ---------------

OS:Bsduname:Darwin 14.4.0 Darwin Kernel Version 14.4.0: Thu May 28 11:35:04 PDT 2015; root:xnu-2782.30.5~1/RELEASE_X86_64 x86_64
rlimit: STACK 8192k, CORE 0k, NPROC 709, NOFILE 10240, AS infinity
load average:1.87 6.68 6.99

CPU:total 4 (2 cores per cpu, 2 threads per core) family 6 model 58 stepping 9, cmov, cx8, fxsr, mmx, sse, sse2, sse3, ssse3, sse4.1, sse4.2, popcnt, avx, aes, erms, ht, tsc, tscinvbit, tscinv

Memory: 4k page, physical 8388608k(2097152k free)

/proc/meminfo:


vm_info: Java HotSpot(TM) 64-Bit Server VM (24.75-b04) for bsd-amd64 JRE (1.7.0_75-b13), built on Dec 18 2014 21:48:12 by "java_re" with gcc 4.2.1 (Based on Apple Inc. build 5658) (LLVM build 2336.11.00)

time: Fri Sep 18 11:53:25 2015
elapsed time: 0 seconds

